[2020-05-02 10:13:28.930] [exthost] [info] extension host started
[2020-05-02 10:13:28.996] [exthost] [info] ExtensionService#_doActivateExtension vscode.configuration-editing {"startup":false,"extensionId":{"value":"vscode.configuration-editing","_lower":"vscode.configuration-editing"},"activationEvent":"onLanguage:json"}
[2020-05-02 10:13:28.997] [exthost] [info] ExtensionService#loadCommonJSModule file:///usr/share/codium/resources/app/extensions/configuration-editing/dist/extension
[2020-05-02 10:13:29.029] [exthost] [info] ExtensionService#_doActivateExtension vscode.extension-editing {"startup":false,"extensionId":{"value":"vscode.extension-editing","_lower":"vscode.extension-editing"},"activationEvent":"onLanguage:json"}
[2020-05-02 10:13:29.029] [exthost] [info] ExtensionService#loadCommonJSModule file:///usr/share/codium/resources/app/extensions/extension-editing/dist/extension
[2020-05-02 10:13:29.096] [exthost] [info] ExtensionService#_doActivateExtension vscode.json-language-features {"startup":false,"extensionId":{"value":"vscode.json-language-features","_lower":"vscode.json-language-features"},"activationEvent":"onLanguage:json"}
[2020-05-02 10:13:29.096] [exthost] [info] ExtensionService#loadCommonJSModule file:///usr/share/codium/resources/app/extensions/json-language-features/client/dist/jsonMain
[2020-05-02 10:13:29.164] [exthost] [info] ExtensionService#_doActivateExtension vscode.npm {"startup":false,"extensionId":{"value":"vscode.npm","_lower":"vscode.npm"},"activationEvent":"onLanguage:json"}
[2020-05-02 10:13:29.164] [exthost] [info] ExtensionService#loadCommonJSModule file:///usr/share/codium/resources/app/extensions/npm/dist/main
[2020-05-02 10:13:29.210] [exthost] [info] ExtensionService#_doActivateExtension vscode.css-language-features {"startup":false,"extensionId":{"value":"vscode.css-language-features","_lower":"vscode.css-language-features"},"activationEvent":"onLanguage:css"}
[2020-05-02 10:13:29.210] [exthost] [info] ExtensionService#loadCommonJSModule file:///usr/share/codium/resources/app/extensions/css-language-features/client/dist/cssMain
[2020-05-02 10:13:29.317] [exthost] [info] ExtensionService#_doActivateExtension vscode.emmet {"startup":false,"extensionId":{"value":"vscode.emmet","_lower":"vscode.emmet"},"activationEvent":"onLanguage:css"}
[2020-05-02 10:13:29.318] [exthost] [info] ExtensionService#loadCommonJSModule file:///usr/share/codium/resources/app/extensions/emmet/dist/extension
[2020-05-02 10:13:29.447] [exthost] [info] ExtensionService#_doActivateExtension vscode.typescript-language-features {"startup":false,"extensionId":{"value":"vscode.typescript-language-features","_lower":"vscode.typescript-language-features"},"activationEvent":"onLanguage:typescript"}
[2020-05-02 10:13:29.448] [exthost] [info] ExtensionService#loadCommonJSModule file:///usr/share/codium/resources/app/extensions/typescript-language-features/dist/extension
[2020-05-02 10:13:29.562] [exthost] [info] ExtensionService#_doActivateExtension vscode.debug-auto-launch {"startup":true,"extensionId":{"value":"vscode.debug-auto-launch","_lower":"vscode.debug-auto-launch"},"activationEvent":"*"}
[2020-05-02 10:13:29.562] [exthost] [info] ExtensionService#loadCommonJSModule file:///usr/share/codium/resources/app/extensions/debug-auto-launch/dist/extension
[2020-05-02 10:13:29.583] [exthost] [info] ExtensionService#_doActivateExtension vscode.git {"startup":true,"extensionId":{"value":"vscode.git","_lower":"vscode.git"},"activationEvent":"*"}
[2020-05-02 10:13:29.583] [exthost] [info] ExtensionService#loadCommonJSModule file:///usr/share/codium/resources/app/extensions/git/dist/main
[2020-05-02 10:13:29.748] [exthost] [info] ExtensionService#_doActivateExtension vscode.github-authentication {"startup":true,"extensionId":{"value":"vscode.github-authentication","_lower":"vscode.github-authentication"},"activationEvent":"*"}
[2020-05-02 10:13:29.749] [exthost] [info] ExtensionService#loadCommonJSModule file:///usr/share/codium/resources/app/extensions/github-authentication/dist/extension.js
[2020-05-02 10:13:29.764] [exthost] [info] ExtensionService#_doActivateExtension vscode.merge-conflict {"startup":true,"extensionId":{"value":"vscode.merge-conflict","_lower":"vscode.merge-conflict"},"activationEvent":"*"}
[2020-05-02 10:13:29.764] [exthost] [info] ExtensionService#loadCommonJSModule file:///usr/share/codium/resources/app/extensions/merge-conflict/dist/extension
[2020-05-02 10:13:29.813] [exthost] [info] ExtensionService#_doActivateExtension vscode.search-result {"startup":true,"extensionId":{"value":"vscode.search-result","_lower":"vscode.search-result"},"activationEvent":"*"}
[2020-05-02 10:13:29.813] [exthost] [info] ExtensionService#loadCommonJSModule file:///usr/share/codium/resources/app/extensions/search-result/dist/extension.js
[2020-05-02 10:13:29.841] [exthost] [info] ExtensionService#_doActivateExtension vscode.vscode-account {"startup":true,"extensionId":{"value":"vscode.vscode-account","_lower":"vscode.vscode-account"},"activationEvent":"*"}
[2020-05-02 10:13:29.841] [exthost] [info] ExtensionService#loadCommonJSModule file:///usr/share/codium/resources/app/extensions/vscode-account/dist/extension.js
[2020-05-02 10:13:29.851] [exthost] [info] ExtensionService#_doActivateExtension CoenraadS.bracket-pair-colorizer {"startup":true,"extensionId":{"value":"CoenraadS.bracket-pair-colorizer","_lower":"coenraads.bracket-pair-colorizer"},"activationEvent":"*"}
[2020-05-02 10:13:29.852] [exthost] [info] ExtensionService#loadCommonJSModule file:///home/glaulher/.vscode-oss/extensions/coenraads.bracket-pair-colorizer-1.0.61/out/src/extension
[2020-05-02 10:13:30.020] [exthost] [info] ExtensionService#_doActivateExtension dbaeumer.vscode-eslint {"startup":true,"extensionId":{"value":"dbaeumer.vscode-eslint","_lower":"dbaeumer.vscode-eslint"},"activationEvent":"*"}
[2020-05-02 10:13:30.020] [exthost] [info] ExtensionService#loadCommonJSModule file:///home/glaulher/.vscode-oss/extensions/dbaeumer.vscode-eslint-2.1.2/client/out/extension
[2020-05-02 10:13:30.077] [exthost] [info] ExtensionService#_doActivateExtension EditorConfig.EditorConfig {"startup":true,"extensionId":{"value":"EditorConfig.EditorConfig","_lower":"editorconfig.editorconfig"},"activationEvent":"*"}
[2020-05-02 10:13:30.077] [exthost] [info] ExtensionService#loadCommonJSModule file:///home/glaulher/.vscode-oss/extensions/editorconfig.editorconfig-0.14.5/out/editorConfigMain.js
[2020-05-02 10:13:30.383] [exthost] [info] ExtensionService#_doActivateExtension esbenp.prettier-vscode {"startup":true,"extensionId":{"value":"esbenp.prettier-vscode","_lower":"esbenp.prettier-vscode"},"activationEvent":"*"}
[2020-05-02 10:13:30.383] [exthost] [info] ExtensionService#loadCommonJSModule file:///home/glaulher/.vscode-oss/extensions/esbenp.prettier-vscode-4.2.0/dist/extension
[2020-05-02 10:13:30.673] [exthost] [info] ExtensionService#_doActivateExtension naumovs.color-highlight {"startup":true,"extensionId":{"value":"naumovs.color-highlight","_lower":"naumovs.color-highlight"},"activationEvent":"*"}
[2020-05-02 10:13:30.673] [exthost] [info] ExtensionService#loadCommonJSModule file:///home/glaulher/.vscode-oss/extensions/naumovs.color-highlight-2.3.0/dist/extension
[2020-05-02 10:13:30.759] [exthost] [info] ExtensionService#_doActivateExtension PKief.material-icon-theme {"startup":true,"extensionId":{"value":"PKief.material-icon-theme","_lower":"pkief.material-icon-theme"},"activationEvent":"*"}
[2020-05-02 10:13:30.759] [exthost] [info] ExtensionService#loadCommonJSModule file:///home/glaulher/.vscode-oss/extensions/pkief.material-icon-theme-4.0.1/dist/extension
[2020-05-02 10:13:30.819] [exthost] [info] eager extensions activated
[2020-05-02 10:15:40.746] [exthost] [info] extension host started
[2020-05-02 10:15:40.804] [exthost] [info] ExtensionService#_doActivateExtension vscode.typescript-language-features {"startup":false,"extensionId":{"value":"vscode.typescript-language-features","_lower":"vscode.typescript-language-features"},"activationEvent":"onLanguage:javascript"}
[2020-05-02 10:15:40.804] [exthost] [info] ExtensionService#loadCommonJSModule file:///usr/share/codium/resources/app/extensions/typescript-language-features/dist/extension
[2020-05-02 10:15:40.828] [exthost] [info] ExtensionService#_doActivateExtension vscode.debug-auto-launch {"startup":true,"extensionId":{"value":"vscode.debug-auto-launch","_lower":"vscode.debug-auto-launch"},"activationEvent":"*"}
[2020-05-02 10:15:40.829] [exthost] [info] ExtensionService#loadCommonJSModule file:///usr/share/codium/resources/app/extensions/debug-auto-launch/dist/extension
[2020-05-02 10:15:40.833] [exthost] [info] ExtensionService#_doActivateExtension vscode.emmet {"startup":true,"extensionId":{"value":"vscode.emmet","_lower":"vscode.emmet"},"activationEvent":"*"}
[2020-05-02 10:15:40.833] [exthost] [info] ExtensionService#loadCommonJSModule file:///usr/share/codium/resources/app/extensions/emmet/dist/extension
[2020-05-02 10:15:40.851] [exthost] [info] ExtensionService#_doActivateExtension vscode.git {"startup":true,"extensionId":{"value":"vscode.git","_lower":"vscode.git"},"activationEvent":"*"}
[2020-05-02 10:15:40.852] [exthost] [info] ExtensionService#loadCommonJSModule file:///usr/share/codium/resources/app/extensions/git/dist/main
[2020-05-02 10:15:40.876] [exthost] [info] ExtensionService#_doActivateExtension vscode.github-authentication {"startup":true,"extensionId":{"value":"vscode.github-authentication","_lower":"vscode.github-authentication"},"activationEvent":"*"}
[2020-05-02 10:15:40.876] [exthost] [info] ExtensionService#loadCommonJSModule file:///usr/share/codium/resources/app/extensions/github-authentication/dist/extension.js
[2020-05-02 10:15:40.881] [exthost] [info] ExtensionService#_doActivateExtension vscode.merge-conflict {"startup":true,"extensionId":{"value":"vscode.merge-conflict","_lower":"vscode.merge-conflict"},"activationEvent":"*"}
[2020-05-02 10:15:40.881] [exthost] [info] ExtensionService#loadCommonJSModule file:///usr/share/codium/resources/app/extensions/merge-conflict/dist/extension
[2020-05-02 10:15:40.885] [exthost] [info] ExtensionService#_doActivateExtension vscode.search-result {"startup":true,"extensionId":{"value":"vscode.search-result","_lower":"vscode.search-result"},"activationEvent":"*"}
[2020-05-02 10:15:40.885] [exthost] [info] ExtensionService#loadCommonJSModule file:///usr/share/codium/resources/app/extensions/search-result/dist/extension.js
[2020-05-02 10:15:40.887] [exthost] [info] ExtensionService#_doActivateExtension vscode.vscode-account {"startup":true,"extensionId":{"value":"vscode.vscode-account","_lower":"vscode.vscode-account"},"activationEvent":"*"}
[2020-05-02 10:15:40.887] [exthost] [info] ExtensionService#loadCommonJSModule file:///usr/share/codium/resources/app/extensions/vscode-account/dist/extension.js
[2020-05-02 10:15:40.891] [exthost] [info] ExtensionService#_doActivateExtension CoenraadS.bracket-pair-colorizer {"startup":true,"extensionId":{"value":"CoenraadS.bracket-pair-colorizer","_lower":"coenraads.bracket-pair-colorizer"},"activationEvent":"*"}
[2020-05-02 10:15:40.891] [exthost] [info] ExtensionService#loadCommonJSModule file:///home/glaulher/.vscode-oss/extensions/coenraads.bracket-pair-colorizer-1.0.61/out/src/extension
[2020-05-02 10:15:40.915] [exthost] [info] ExtensionService#_doActivateExtension dbaeumer.vscode-eslint {"startup":true,"extensionId":{"value":"dbaeumer.vscode-eslint","_lower":"dbaeumer.vscode-eslint"},"activationEvent":"*"}
[2020-05-02 10:15:40.915] [exthost] [info] ExtensionService#loadCommonJSModule file:///home/glaulher/.vscode-oss/extensions/dbaeumer.vscode-eslint-2.1.5/client/out/extension
[2020-05-02 10:15:40.937] [exthost] [info] ExtensionService#_doActivateExtension EditorConfig.EditorConfig {"startup":true,"extensionId":{"value":"EditorConfig.EditorConfig","_lower":"editorconfig.editorconfig"},"activationEvent":"*"}
[2020-05-02 10:15:40.937] [exthost] [info] ExtensionService#loadCommonJSModule file:///home/glaulher/.vscode-oss/extensions/editorconfig.editorconfig-0.14.5/out/editorConfigMain.js
[2020-05-02 10:15:40.959] [exthost] [info] ExtensionService#_doActivateExtension esbenp.prettier-vscode {"startup":true,"extensionId":{"value":"esbenp.prettier-vscode","_lower":"esbenp.prettier-vscode"},"activationEvent":"*"}
[2020-05-02 10:15:40.959] [exthost] [info] ExtensionService#loadCommonJSModule file:///home/glaulher/.vscode-oss/extensions/esbenp.prettier-vscode-4.5.0/dist/extension
[2020-05-02 10:15:41.140] [exthost] [info] ExtensionService#_doActivateExtension naumovs.color-highlight {"startup":true,"extensionId":{"value":"naumovs.color-highlight","_lower":"naumovs.color-highlight"},"activationEvent":"*"}
[2020-05-02 10:15:41.140] [exthost] [info] ExtensionService#loadCommonJSModule file:///home/glaulher/.vscode-oss/extensions/naumovs.color-highlight-2.3.0/dist/extension
[2020-05-02 10:15:41.152] [exthost] [info] ExtensionService#_doActivateExtension PKief.material-icon-theme {"startup":true,"extensionId":{"value":"PKief.material-icon-theme","_lower":"pkief.material-icon-theme"},"activationEvent":"*"}
[2020-05-02 10:15:41.152] [exthost] [info] ExtensionService#loadCommonJSModule file:///home/glaulher/.vscode-oss/extensions/pkief.material-icon-theme-4.1.0/dist/extension
[2020-05-02 10:15:41.173] [exthost] [info] ExtensionService#_doActivateExtension vscode.npm {"startup":true,"extensionId":{"value":"vscode.npm","_lower":"vscode.npm"},"activationEvent":"workspaceContains:package.json"}
[2020-05-02 10:15:41.173] [exthost] [info] ExtensionService#loadCommonJSModule file:///usr/share/codium/resources/app/extensions/npm/dist/main
[2020-05-02 10:15:42.381] [exthost] [info] eager extensions activated
[2020-05-02 10:17:08.470] [exthost] [info] ExtensionService#_doActivateExtension vscode.extension-editing {"startup":false,"extensionId":{"value":"vscode.extension-editing","_lower":"vscode.extension-editing"},"activationEvent":"onLanguage:typescript"}
[2020-05-02 10:17:08.470] [exthost] [info] ExtensionService#loadCommonJSModule file:///usr/share/codium/resources/app/extensions/extension-editing/dist/extension
[2020-05-02 10:20:46.997] [exthost] [info] [vscode.typescript-language-features] UNSAVE result from 'resolveCompletionItem', extension SHOULD NOT change any of: additionalTextEdits, or command
[2020-05-02 10:20:54.462] [exthost] [error] [vscode.typescript-language-features] provider FAILED
[2020-05-02 10:20:54.463] [exthost] [error] Error: busy
	at a._provideSemanticTokens (/usr/share/codium/resources/app/extensions/typescript-language-features/dist/extension.js:1:183890)
[2020-05-02 10:21:03.288] [exthost] [error] [vscode.typescript-language-features] provider FAILED
[2020-05-02 10:21:03.288] [exthost] [error] Error: busy
	at a._provideSemanticTokens (/usr/share/codium/resources/app/extensions/typescript-language-features/dist/extension.js:1:183890)
[2020-05-02 10:21:04.166] [exthost] [error] [vscode.typescript-language-features] provider FAILED
[2020-05-02 10:21:04.166] [exthost] [error] Error: busy
	at a._provideSemanticTokens (/usr/share/codium/resources/app/extensions/typescript-language-features/dist/extension.js:1:183890)
[2020-05-02 10:21:12.880] [exthost] [error] [vscode.typescript-language-features] provider FAILED
[2020-05-02 10:21:12.880] [exthost] [error] Error: busy
	at a._provideSemanticTokens (/usr/share/codium/resources/app/extensions/typescript-language-features/dist/extension.js:1:183890)
[2020-05-02 10:21:29.381] [exthost] [error] [vscode.typescript-language-features] provider FAILED
[2020-05-02 10:21:29.381] [exthost] [error] Error: busy
	at a._provideSemanticTokens (/usr/share/codium/resources/app/extensions/typescript-language-features/dist/extension.js:1:183890)
[2020-05-02 10:22:05.010] [exthost] [error] [vscode.typescript-language-features] provider FAILED
[2020-05-02 10:22:05.011] [exthost] [error] Error: busy
	at a._provideSemanticTokens (/usr/share/codium/resources/app/extensions/typescript-language-features/dist/extension.js:1:183890)
[2020-05-02 10:22:07.646] [exthost] [error] [vscode.typescript-language-features] provider FAILED
[2020-05-02 10:22:07.646] [exthost] [error] Error: busy
	at a._provideSemanticTokens (/usr/share/codium/resources/app/extensions/typescript-language-features/dist/extension.js:1:183890)
[2020-05-02 10:23:36.574] [exthost] [error] [vscode.typescript-language-features] provider FAILED
[2020-05-02 10:23:36.574] [exthost] [error] Error: busy
	at a._provideSemanticTokens (/usr/share/codium/resources/app/extensions/typescript-language-features/dist/extension.js:1:183890)
[2020-05-02 10:23:40.961] [exthost] [error] [vscode.typescript-language-features] provider FAILED
[2020-05-02 10:23:40.961] [exthost] [error] Error: busy
	at a._provideSemanticTokens (/usr/share/codium/resources/app/extensions/typescript-language-features/dist/extension.js:1:183890)
[2020-05-02 10:25:26.133] [exthost] [error] [vscode.typescript-language-features] provider FAILED
[2020-05-02 10:25:26.133] [exthost] [error] Error: busy
	at a._provideSemanticTokens (/usr/share/codium/resources/app/extensions/typescript-language-features/dist/extension.js:1:183890)
[2020-05-02 10:30:25.350] [exthost] [error] [vscode.typescript-language-features] provider FAILED
[2020-05-02 10:30:25.351] [exthost] [error] Error: busy
	at a._provideSemanticTokens (/usr/share/codium/resources/app/extensions/typescript-language-features/dist/extension.js:1:183890)
[2020-05-02 10:31:00.867] [exthost] [error] [vscode.typescript-language-features] provider FAILED
[2020-05-02 10:31:00.867] [exthost] [error] Error: busy
	at a._provideSemanticTokens (/usr/share/codium/resources/app/extensions/typescript-language-features/dist/extension.js:1:183890)
[2020-05-02 10:31:18.663] [exthost] [error] [vscode.typescript-language-features] provider FAILED
[2020-05-02 10:31:18.663] [exthost] [error] Error: busy
	at a._provideSemanticTokens (/usr/share/codium/resources/app/extensions/typescript-language-features/dist/extension.js:1:183890)
[2020-05-02 10:32:23.586] [exthost] [error] [vscode.typescript-language-features] provider FAILED
[2020-05-02 10:32:23.586] [exthost] [error] Error: busy
	at a._provideSemanticTokens (/usr/share/codium/resources/app/extensions/typescript-language-features/dist/extension.js:1:183890)
[2020-05-02 10:32:25.372] [exthost] [error] [vscode.typescript-language-features] provider FAILED
[2020-05-02 10:32:25.372] [exthost] [error] Error: busy
	at a._provideSemanticTokens (/usr/share/codium/resources/app/extensions/typescript-language-features/dist/extension.js:1:183890)
[2020-05-02 10:32:31.824] [exthost] [error] [vscode.typescript-language-features] provider FAILED
[2020-05-02 10:32:31.825] [exthost] [error] Error: busy
	at a._provideSemanticTokens (/usr/share/codium/resources/app/extensions/typescript-language-features/dist/extension.js:1:183890)
[2020-05-02 10:33:33.852] [exthost] [error] [vscode.typescript-language-features] provider FAILED
[2020-05-02 10:33:33.853] [exthost] [error] Error: busy
	at a._provideSemanticTokens (/usr/share/codium/resources/app/extensions/typescript-language-features/dist/extension.js:1:183890)
[2020-05-02 10:35:13.455] [exthost] [error] [vscode.typescript-language-features] provider FAILED
[2020-05-02 10:35:13.455] [exthost] [error] Error: busy
	at a._provideSemanticTokens (/usr/share/codium/resources/app/extensions/typescript-language-features/dist/extension.js:1:183890)
[2020-05-02 10:35:16.940] [exthost] [error] [vscode.typescript-language-features] provider FAILED
[2020-05-02 10:35:16.940] [exthost] [error] Error: busy
	at a._provideSemanticTokens (/usr/share/codium/resources/app/extensions/typescript-language-features/dist/extension.js:1:183890)
[2020-05-02 10:35:21.152] [exthost] [error] [vscode.typescript-language-features] provider FAILED
[2020-05-02 10:35:21.152] [exthost] [error] Error: busy
	at a._provideSemanticTokens (/usr/share/codium/resources/app/extensions/typescript-language-features/dist/extension.js:1:183890)
[2020-05-02 10:35:22.813] [exthost] [error] [vscode.typescript-language-features] provider FAILED
[2020-05-02 10:35:22.813] [exthost] [error] Error: busy
	at a._provideSemanticTokens (/usr/share/codium/resources/app/extensions/typescript-language-features/dist/extension.js:1:183890)
[2020-05-02 10:38:16.855] [exthost] [error] [vscode.typescript-language-features] provider FAILED
[2020-05-02 10:38:16.856] [exthost] [error] Error: busy
	at a._provideSemanticTokens (/usr/share/codium/resources/app/extensions/typescript-language-features/dist/extension.js:1:183890)
[2020-05-02 10:38:21.101] [exthost] [error] [vscode.typescript-language-features] provider FAILED
[2020-05-02 10:38:21.101] [exthost] [error] Error: busy
	at a._provideSemanticTokens (/usr/share/codium/resources/app/extensions/typescript-language-features/dist/extension.js:1:183890)
[2020-05-02 10:38:27.135] [exthost] [error] [vscode.typescript-language-features] provider FAILED
[2020-05-02 10:38:27.135] [exthost] [error] Error: busy
	at a._provideSemanticTokens (/usr/share/codium/resources/app/extensions/typescript-language-features/dist/extension.js:1:183890)
[2020-05-02 10:38:34.600] [exthost] [error] [vscode.typescript-language-features] provider FAILED
[2020-05-02 10:38:34.600] [exthost] [error] Error: busy
	at a._provideSemanticTokens (/usr/share/codium/resources/app/extensions/typescript-language-features/dist/extension.js:1:183890)
[2020-05-02 10:38:41.107] [exthost] [error] [vscode.typescript-language-features] provider FAILED
[2020-05-02 10:38:41.107] [exthost] [error] Error: busy
	at a._provideSemanticTokens (/usr/share/codium/resources/app/extensions/typescript-language-features/dist/extension.js:1:183890)
[2020-05-02 10:38:59.504] [exthost] [error] [vscode.typescript-language-features] provider FAILED
[2020-05-02 10:38:59.504] [exthost] [error] Error: busy
	at a._provideSemanticTokens (/usr/share/codium/resources/app/extensions/typescript-language-features/dist/extension.js:1:183890)
[2020-05-02 10:39:07.737] [exthost] [error] [vscode.typescript-language-features] provider FAILED
[2020-05-02 10:39:07.737] [exthost] [error] Error: busy
	at a._provideSemanticTokens (/usr/share/codium/resources/app/extensions/typescript-language-features/dist/extension.js:1:183890)
[2020-05-02 10:40:33.595] [exthost] [error] [vscode.typescript-language-features] provider FAILED
[2020-05-02 10:40:33.595] [exthost] [error] Error: busy
	at a._provideSemanticTokens (/usr/share/codium/resources/app/extensions/typescript-language-features/dist/extension.js:1:183890)
[2020-05-02 10:40:38.863] [exthost] [error] [vscode.typescript-language-features] provider FAILED
[2020-05-02 10:40:38.863] [exthost] [error] Error: busy
	at a._provideSemanticTokens (/usr/share/codium/resources/app/extensions/typescript-language-features/dist/extension.js:1:183890)
[2020-05-02 10:40:58.777] [exthost] [error] [vscode.typescript-language-features] provider FAILED
[2020-05-02 10:40:58.777] [exthost] [error] Error: busy
	at a._provideSemanticTokens (/usr/share/codium/resources/app/extensions/typescript-language-features/dist/extension.js:1:183890)
[2020-05-02 10:41:02.810] [exthost] [error] [vscode.typescript-language-features] provider FAILED
[2020-05-02 10:41:02.810] [exthost] [error] Error: busy
	at a._provideSemanticTokens (/usr/share/codium/resources/app/extensions/typescript-language-features/dist/extension.js:1:183890)
[2020-05-02 10:41:10.029] [exthost] [error] [vscode.typescript-language-features] provider FAILED
[2020-05-02 10:41:10.029] [exthost] [error] Error: busy
	at a._provideSemanticTokens (/usr/share/codium/resources/app/extensions/typescript-language-features/dist/extension.js:1:183890)
[2020-05-02 10:42:20.821] [exthost] [error] [vscode.typescript-language-features] provider FAILED
[2020-05-02 10:42:20.821] [exthost] [error] Error: busy
	at a._provideSemanticTokens (/usr/share/codium/resources/app/extensions/typescript-language-features/dist/extension.js:1:183890)
[2020-05-02 10:42:23.247] [exthost] [error] [vscode.typescript-language-features] provider FAILED
[2020-05-02 10:42:23.247] [exthost] [error] Error: busy
	at a._provideSemanticTokens (/usr/share/codium/resources/app/extensions/typescript-language-features/dist/extension.js:1:183890)
[2020-05-02 10:42:25.548] [exthost] [error] [vscode.typescript-language-features] provider FAILED
[2020-05-02 10:42:25.548] [exthost] [error] Error: busy
	at a._provideSemanticTokens (/usr/share/codium/resources/app/extensions/typescript-language-features/dist/extension.js:1:183890)
[2020-05-02 10:42:30.651] [exthost] [error] [vscode.typescript-language-features] provider FAILED
[2020-05-02 10:42:30.651] [exthost] [error] Error: busy
	at a._provideSemanticTokens (/usr/share/codium/resources/app/extensions/typescript-language-features/dist/extension.js:1:183890)
[2020-05-02 10:43:31.415] [exthost] [error] [vscode.typescript-language-features] provider FAILED
[2020-05-02 10:43:31.415] [exthost] [error] Error: busy
	at a._provideSemanticTokens (/usr/share/codium/resources/app/extensions/typescript-language-features/dist/extension.js:1:183890)
[2020-05-02 10:43:32.203] [exthost] [error] [vscode.typescript-language-features] provider FAILED
[2020-05-02 10:43:32.203] [exthost] [error] Error: busy
	at a._provideSemanticTokens (/usr/share/codium/resources/app/extensions/typescript-language-features/dist/extension.js:1:183890)
[2020-05-02 10:43:37.187] [exthost] [error] [vscode.typescript-language-features] provider FAILED
[2020-05-02 10:43:37.188] [exthost] [error] Error: busy
	at a._provideSemanticTokens (/usr/share/codium/resources/app/extensions/typescript-language-features/dist/extension.js:1:183890)
[2020-05-02 10:43:58.615] [exthost] [error] [vscode.typescript-language-features] provider FAILED
[2020-05-02 10:43:58.616] [exthost] [error] Error: busy
	at a._provideSemanticTokens (/usr/share/codium/resources/app/extensions/typescript-language-features/dist/extension.js:1:183890)
[2020-05-02 10:44:11.190] [exthost] [error] [vscode.typescript-language-features] provider FAILED
[2020-05-02 10:44:11.190] [exthost] [error] Error: busy
	at a._provideSemanticTokens (/usr/share/codium/resources/app/extensions/typescript-language-features/dist/extension.js:1:183890)
[2020-05-02 10:44:26.474] [exthost] [error] [vscode.typescript-language-features] provider FAILED
[2020-05-02 10:44:26.474] [exthost] [error] Error: busy
	at a._provideSemanticTokens (/usr/share/codium/resources/app/extensions/typescript-language-features/dist/extension.js:1:183890)
[2020-05-02 10:44:29.356] [exthost] [error] [vscode.typescript-language-features] provider FAILED
[2020-05-02 10:44:29.356] [exthost] [error] Error: busy
	at a._provideSemanticTokens (/usr/share/codium/resources/app/extensions/typescript-language-features/dist/extension.js:1:183890)
[2020-05-02 10:45:10.429] [exthost] [error] [vscode.typescript-language-features] provider FAILED
[2020-05-02 10:45:10.429] [exthost] [error] Error: busy
	at a._provideSemanticTokens (/usr/share/codium/resources/app/extensions/typescript-language-features/dist/extension.js:1:183890)
[2020-05-02 10:54:55.600] [exthost] [info] ExtensionService#_doActivateExtension vscode.configuration-editing {"startup":false,"extensionId":{"value":"vscode.configuration-editing","_lower":"vscode.configuration-editing"},"activationEvent":"onLanguage:json"}
[2020-05-02 10:54:55.601] [exthost] [info] ExtensionService#loadCommonJSModule file:///usr/share/codium/resources/app/extensions/configuration-editing/dist/extension
[2020-05-02 10:54:55.611] [exthost] [info] ExtensionService#_doActivateExtension vscode.json-language-features {"startup":false,"extensionId":{"value":"vscode.json-language-features","_lower":"vscode.json-language-features"},"activationEvent":"onLanguage:json"}
[2020-05-02 10:54:55.611] [exthost] [info] ExtensionService#loadCommonJSModule file:///usr/share/codium/resources/app/extensions/json-language-features/client/dist/jsonMain
[2020-05-02 11:03:10.311] [exthost] [error] [vscode.typescript-language-features] provider FAILED
[2020-05-02 11:03:10.311] [exthost] [error] Error: busy
	at a._provideSemanticTokens (/usr/share/codium/resources/app/extensions/typescript-language-features/dist/extension.js:1:183890)
[2020-05-02 11:05:08.878] [exthost] [error] [vscode.typescript-language-features] provider FAILED
[2020-05-02 11:05:08.878] [exthost] [error] Error: busy
	at a._provideSemanticTokens (/usr/share/codium/resources/app/extensions/typescript-language-features/dist/extension.js:1:183890)
[2020-05-02 11:05:10.597] [exthost] [error] [vscode.typescript-language-features] provider FAILED
[2020-05-02 11:05:10.597] [exthost] [error] Error: busy
	at a._provideSemanticTokens (/usr/share/codium/resources/app/extensions/typescript-language-features/dist/extension.js:1:183890)
[2020-05-02 11:11:35.637] [exthost] [info] ExtensionService#_doActivateExtension vscode.image-preview {"startup":false,"extensionId":{"value":"vscode.image-preview","_lower":"vscode.image-preview"},"activationEvent":"onCustomEditor:imagePreview.previewEditor"}
[2020-05-02 11:11:35.638] [exthost] [info] ExtensionService#loadCommonJSModule file:///usr/share/codium/resources/app/extensions/image-preview/dist/extension
