Starting OmniSharp server at 01/09/2019 22:46:30
    Target: /home/glaulher/Documentos/dev/Projetos/Cpr/Cpr.sln

OmniSharp server started.
    Path: /home/glaulher/.vscode/extensions/ms-vscode.csharp-1.21.1/.omnisharp/1.34.2/run
    PID: 9475

[info]: OmniSharp.Stdio.Host
        Starting OmniSharp on debian 10.0 (x64)
[info]: OmniSharp.Services.DotNetCliService
        DotNetPath set to dotnet
[info]: OmniSharp.MSBuild.Discovery.MSBuildLocator
        Located 1 MSBuild instance(s)
            1: StandAlone 16.0 - "/home/glaulher/.vscode/extensions/ms-vscode.csharp-1.21.1/.omnisharp/1.34.2/omnisharp/.msbuild/Current/Bin"
[info]: OmniSharp.MSBuild.Discovery.MSBuildLocator
        MSBUILD_EXE_PATH environment variable set to '/home/glaulher/.vscode/extensions/ms-vscode.csharp-1.21.1/.omnisharp/1.34.2/omnisharp/.msbuild/Current/Bin/MSBuild.dll'
[info]: OmniSharp.MSBuild.Discovery.MSBuildLocator
        Registered MSBuild instance: StandAlone 16.0 - "/home/glaulher/.vscode/extensions/ms-vscode.csharp-1.21.1/.omnisharp/1.34.2/omnisharp/.msbuild/Current/Bin"
            MSBuildExtensionsPath = /home/glaulher/.vscode/extensions/ms-vscode.csharp-1.21.1/.omnisharp/1.34.2/omnisharp/.msbuild
            BypassFrameworkInstallChecks = true
            CscToolPath = /home/glaulher/.vscode/extensions/ms-vscode.csharp-1.21.1/.omnisharp/1.34.2/omnisharp/.msbuild/Current/Bin/Roslyn
            CscToolExe = csc.exe
            MSBuildToolsPath = /home/glaulher/.vscode/extensions/ms-vscode.csharp-1.21.1/.omnisharp/1.34.2/omnisharp/.msbuild/Current/Bin
[info]: OmniSharp.Cake.CakeProjectSystem
        Detecting Cake files in '/home/glaulher/Documentos/dev/Projetos/Cpr'.
[info]: OmniSharp.Cake.CakeProjectSystem
        Could not find any Cake files
[info]: OmniSharp.MSBuild.ProjectSystem
        Detecting projects in '/home/glaulher/Documentos/dev/Projetos/Cpr/Cpr.sln'.
[info]: OmniSharp.MSBuild.ProjectManager
        Queue project update for '/home/glaulher/Documentos/dev/Projetos/Cpr/src/Cpr.Data/Cpr.Data.csproj'
[info]: OmniSharp.MSBuild.ProjectManager
        Queue project update for '/home/glaulher/Documentos/dev/Projetos/Cpr/src/Cpr.Domain/Cpr.Domain.csproj'
[info]: OmniSharp.MSBuild.ProjectManager
        Queue project update for '/home/glaulher/Documentos/dev/Projetos/Cpr/src/Cpr.Web/Cpr.Web.csproj'
[info]: OmniSharp.MSBuild.ProjectManager
        Queue project update for '/home/glaulher/Documentos/dev/Projetos/Cpr/src/Cpr.DI/Cpr.DI.csproj'
[info]: OmniSharp.Script.ScriptProjectSystem
        Detecting CSX files in '/home/glaulher/Documentos/dev/Projetos/Cpr'.
[info]: OmniSharp.Script.ScriptProjectSystem
        Could not find any CSX files
[info]: OmniSharp.WorkspaceInitializer
        Invoking Workspace Options Provider: OmniSharp.Roslyn.CSharp.Services.CSharpFormattingWorkspaceOptionsProvider, Order: 0
[info]: OmniSharp.MSBuild.ProjectManager
        Loading project: /home/glaulher/Documentos/dev/Projetos/Cpr/src/Cpr.Data/Cpr.Data.csproj
[info]: OmniSharp.WorkspaceInitializer
        Invoking Workspace Options Provider: OmniSharp.Roslyn.CSharp.Services.RenameWorkspaceOptionsProvider, Order: 100
[info]: OmniSharp.WorkspaceInitializer
        Invoking Workspace Options Provider: OmniSharp.Roslyn.CSharp.Services.EditorConfigWorkspaceOptionsProvider, Order: 200
[info]: OmniSharp.WorkspaceInitializer
        Configuration finished.
[info]: OmniSharp.Stdio.Host
        Omnisharp server running using Stdio at location '/home/glaulher/Documentos/dev/Projetos/Cpr' on host 9361.
[info]: OmniSharp.OmniSharpWorkspace
        Miscellaneous file: /home/glaulher/Documentos/dev/Projetos/Cpr/src/Cpr.Web/Views/LivroCaixa/Create.cshtml__virtual.cs added to workspace
[info]: OmniSharp.MSBuild.ProjectManager
        Successfully loaded project file '/home/glaulher/Documentos/dev/Projetos/Cpr/src/Cpr.Data/Cpr.Data.csproj'.
[info]: OmniSharp.MSBuild.ProjectManager
        Adding project '/home/glaulher/Documentos/dev/Projetos/Cpr/src/Cpr.Data/Cpr.Data.csproj'
[info]: OmniSharp.MSBuild.ProjectManager
        Loading project: /home/glaulher/Documentos/dev/Projetos/Cpr/src/Cpr.Domain/Cpr.Domain.csproj
[info]: OmniSharp.MSBuild.ProjectManager
        Successfully loaded project file '/home/glaulher/Documentos/dev/Projetos/Cpr/src/Cpr.Domain/Cpr.Domain.csproj'.
[info]: OmniSharp.MSBuild.ProjectManager
        Adding project '/home/glaulher/Documentos/dev/Projetos/Cpr/src/Cpr.Domain/Cpr.Domain.csproj'
[info]: OmniSharp.MSBuild.ProjectManager
        Loading project: /home/glaulher/Documentos/dev/Projetos/Cpr/src/Cpr.Web/Cpr.Web.csproj
[info]: OmniSharp.MSBuild.ProjectManager
        Successfully loaded project file '/home/glaulher/Documentos/dev/Projetos/Cpr/src/Cpr.Web/Cpr.Web.csproj'.
[info]: OmniSharp.MSBuild.ProjectManager
        Adding project '/home/glaulher/Documentos/dev/Projetos/Cpr/src/Cpr.Web/Cpr.Web.csproj'
[info]: OmniSharp.MSBuild.ProjectManager
        Loading project: /home/glaulher/Documentos/dev/Projetos/Cpr/src/Cpr.DI/Cpr.DI.csproj
[info]: OmniSharp.MSBuild.ProjectManager
        Successfully loaded project file '/home/glaulher/Documentos/dev/Projetos/Cpr/src/Cpr.DI/Cpr.DI.csproj'.
[info]: OmniSharp.MSBuild.ProjectManager
        Adding project '/home/glaulher/Documentos/dev/Projetos/Cpr/src/Cpr.DI/Cpr.DI.csproj'
[info]: OmniSharp.MSBuild.ProjectManager
        Update project: Cpr.Data
[info]: OmniSharp.MSBuild.ProjectManager
        Update project: Cpr.Domain
[info]: OmniSharp.MSBuild.ProjectManager
        Update project: Cpr.Web
[info]: OmniSharp.MSBuild.ProjectManager
        Update project: Cpr.DI
