["INFO" - 11:16:46] Extension Name: esbenp.prettier-vscode.
["INFO" - 11:16:46] Extension Version: 4.5.0.
["INFO" - 11:16:46] Loaded module 'prettier@1.19.1' from '/home/glaulher/Documentos/javascript/project/gobarber/node_modules/prettier/index.js'
["INFO" - 11:16:47] Enabling prettier for languages
[
  "css",
  "graphql",
  "html",
  "javascript",
  "javascriptreact",
  "json",
  "json5",
  "jsonc",
  "less",
  "markdown",
  "mdx",
  "mongo",
  "postcss",
  "scss",
  "typescript",
  "typescriptreact",
  "vue",
  "yaml"
]
["INFO" - 11:16:47] Enabling prettier for range supported languages
[
  "graphql",
  "javascript",
  "javascriptreact",
  "json",
  "typescript",
  "typescriptreact"
]
["INFO" - 15:02:33] Loaded module 'prettier@1.19.1' from '/home/glaulher/Documentos/javascript/project/gobarber/node_modules/prettier/index.js'
["INFO" - 15:02:33] Enabling prettier for languages
[
  "css",
  "graphql",
  "html",
  "javascript",
  "javascriptreact",
  "json",
  "json5",
  "jsonc",
  "less",
  "markdown",
  "mdx",
  "mongo",
  "postcss",
  "scss",
  "typescript",
  "typescriptreact",
  "vue",
  "yaml"
]
["INFO" - 15:02:33] Enabling prettier for range supported languages
[
  "graphql",
  "javascript",
  "javascriptreact",
  "json",
  "typescript",
  "typescriptreact"
]
["INFO" - 15:02:33] Loaded module 'prettier@1.19.1' from '/home/glaulher/Documentos/javascript/project/gobarber/node_modules/prettier/index.js'
["INFO" - 15:02:33] Enabling prettier for languages
[
  "css",
  "graphql",
  "html",
  "javascript",
  "javascriptreact",
  "json",
  "json5",
  "jsonc",
  "less",
  "markdown",
  "mdx",
  "mongo",
  "postcss",
  "scss",
  "typescript",
  "typescriptreact",
  "vue",
  "yaml"
]
["INFO" - 15:02:33] Enabling prettier for range supported languages
[
  "graphql",
  "javascript",
  "javascriptreact",
  "json",
  "typescript",
  "typescriptreact"
]
