Initializing document watcher...
gobarber/src/routes.js: Using EditorConfig core...
src/routes.js: editor.action.trimTrailingWhitespace
gobarber/src/app/controllers/FileControllers.j: {"insertSpaces":true,"tabSize":2}
gobarber/src/app/controllers/FileController.js: {"insertSpaces":true,"tabSize":2}
gobarber/src/routes.js: {"insertSpaces":true,"tabSize":2}
gobarber/src/routes.js: {"insertSpaces":true,"tabSize":2}
gobarber/src/app/controllers/FileController.js: {"insertSpaces":true,"tabSize":2}
gobarber/src/app/controllers/FileController.js: {"insertSpaces":true,"tabSize":2}
gobarber/src/routes.js: {"insertSpaces":true,"tabSize":2}
gobarber/src/routes.js: {"insertSpaces":true,"tabSize":2}
gobarber/src/routes.js: Using EditorConfig core...
src/routes.js: editor.action.trimTrailingWhitespace
gobarber/src/app/controllers/FileController.js: {"insertSpaces":true,"tabSize":2}
gobarber/src/app/controllers/FileController.js: {"insertSpaces":true,"tabSize":2}
gobarber/src/app/controllers/FileController.js: {"insertSpaces":true,"tabSize":2}
gobarber/src/app/controllers/FileController.js: {"insertSpaces":true,"tabSize":2}
gobarber/src/app/controllers/FileController.js: {"insertSpaces":true,"tabSize":2}
gobarber/src/app/controllers/FileController.js: {"insertSpaces":true,"tabSize":2}
gobarber/src/app/controllers/FileController.js: {"insertSpaces":true,"tabSize":2}
gobarber/src/app/controllers/FileController.js: {"insertSpaces":true,"tabSize":2}
gobarber/src/app/controllers/FileController.js: Using EditorConfig core...
src/app/controllers/FileController.js: editor.action.trimTrailingWhitespace
src/app/controllers/FileController.js: insertFinalNewline(LF)
gobarber/src/app/controllers/FileController.js: {"insertSpaces":true,"tabSize":2}
gobarber/src/app/controllers/SessionController.js: {"insertSpaces":true,"tabSize":2}
gobarber/src/app/controllers/FileController.js: {"insertSpaces":true,"tabSize":2}
gobarber/src/app/controllers/FileController.js: {"insertSpaces":true,"tabSize":2}
gobarber/src/app/controllers/FileController.js: {"insertSpaces":true,"tabSize":2}
gobarber/src/app/controllers/FileController.js: Using EditorConfig core...
src/app/controllers/FileController.js: editor.action.trimTrailingWhitespace
gobarber/src/app/controllers/FileController.js: {"insertSpaces":true,"tabSize":2}
gobarber/src/app/controllers/FileController.js: {"insertSpaces":true,"tabSize":2}
gobarber/src/app/controllers/FileController.js: {"insertSpaces":true,"tabSize":2}
gobarber/src/app/controllers/FileController.js: {"insertSpaces":true,"tabSize":2}
gobarber/src/app/controllers/FileController.js: {"insertSpaces":true,"tabSize":2}
gobarber/src/app/controllers/FileController.js: {"insertSpaces":true,"tabSize":2}
gobarber/src/app/controllers/FileController.js: {"insertSpaces":true,"tabSize":2}
gobarber/src/app/controllers/FileController.js: {"insertSpaces":true,"tabSize":2}
gobarber/src/app/controllers/FileController.js: {"insertSpaces":true,"tabSize":2}
gobarber/src/app/controllers/FileController.js: {"insertSpaces":true,"tabSize":2}
gobarber/src/database/migrations/20200509144011-create-files.js: {"insertSpaces":true,"tabSize":2}
gobarber/src/database/migrations/20200509144011-create-files.js: {"insertSpaces":true,"tabSize":2}
gobarber/src/database/migrations/20200402215944-create-users.js: {"insertSpaces":true,"tabSize":2}
gobarber/src/database/migrations/20200509144011-create-files.js: {"insertSpaces":true,"tabSize":2}
gobarber/src/database/migrations/20200509144011-create-files.js: {"insertSpaces":true,"tabSize":2}
gobarber/src/database/migrations/20200509144011-create-files.js: {"insertSpaces":true,"tabSize":2}
gobarber/src/database/migrations/20200509144011-create-files.js: Using EditorConfig core...
src/database/migrations/20200509144011-create-files.js: editor.action.trimTrailingWhitespace
gobarber/src/database/migrations/20200509144011-create-files.js: {"insertSpaces":true,"tabSize":2}
gobarber/src/database/migrations/20200509144011-create-files.js: {"insertSpaces":true,"tabSize":2}
gobarber/src/database/migrations/20200509144011-create-files.js: {"insertSpaces":true,"tabSize":2}
gobarber/src/database/migrations/20200509144011-create-files.js: Using EditorConfig core...
src/database/migrations/20200509144011-create-files.js: editor.action.trimTrailingWhitespace
gobarber/src/database/migrations/20200509144011-create-files.js: {"insertSpaces":true,"tabSize":2}
gobarber/src/database/migrations/20200509144011-create-files.js: {"insertSpaces":true,"tabSize":2}
gobarber/src/database/migrations/20200509144011-create-files.js: {"insertSpaces":true,"tabSize":2}
gobarber/src/database/migrations/20200509144011-create-files.js: {"insertSpaces":true,"tabSize":2}
gobarber/src/database/migrations/20200509144011-create-files.js: {"insertSpaces":true,"tabSize":2}
gobarber/src/app/models/User.js: {"insertSpaces":true,"tabSize":2}
gobarber/src/app/models/file.js: {"insertSpaces":true,"tabSize":2}
gobarber/src/app/models/User.js: {"insertSpaces":true,"tabSize":2}
gobarber/src/app/models/file.js: {"insertSpaces":true,"tabSize":2}
gobarber/src/app/models/file.js: {"insertSpaces":true,"tabSize":2}
gobarber/src/app/models/file.js: {"insertSpaces":true,"tabSize":2}
gobarber/src/app/models/file.js: Using EditorConfig core...
src/app/models/file.js: editor.action.trimTrailingWhitespace
gobarber/src/app/models/file.js: {"insertSpaces":true,"tabSize":2}
gobarber/src/app/models/file.js: Using EditorConfig core...
src/app/models/file.js: editor.action.trimTrailingWhitespace
gobarber/src/app/models/file.js: {"insertSpaces":true,"tabSize":2}
gobarber/src/app/models/file.js: Using EditorConfig core...
src/app/models/file.js: editor.action.trimTrailingWhitespace
gobarber/src/app/models/file.js: {"insertSpaces":true,"tabSize":2}
gobarber/src/app/models/File.js: {"insertSpaces":true,"tabSize":2}
gobarber/src/app/models/File.js: Using EditorConfig core...
src/app/models/File.js: editor.action.trimTrailingWhitespace
gobarber/src/app/models/File.js: Using EditorConfig core...
src/app/models/File.js: editor.action.trimTrailingWhitespace
gobarber/src/app/models/File.js: Using EditorConfig core...
src/app/models/File.js: editor.action.trimTrailingWhitespace
gobarber/src/app/models/File.js: {"insertSpaces":true,"tabSize":2}
gobarber/src/database/index.js: {"insertSpaces":true,"tabSize":2}
gobarber/src/database/index.js: Using EditorConfig core...
src/database/index.js: editor.action.trimTrailingWhitespace
gobarber/src/database/index.js: {"insertSpaces":true,"tabSize":2}
gobarber/src/database/index.js: Using EditorConfig core...
src/database/index.js: editor.action.trimTrailingWhitespace
gobarber/src/database/index.js: {"insertSpaces":true,"tabSize":2}
gobarber/src/app/controllers/FileController.js: {"insertSpaces":true,"tabSize":2}
gobarber/src/app/controllers/FileController.js: Using EditorConfig core...
src/app/controllers/FileController.js: editor.action.trimTrailingWhitespace
gobarber/src/app/controllers/FileController.js: {"insertSpaces":true,"tabSize":2}
gobarber/src/app/controllers/FileController.js: {"insertSpaces":true,"tabSize":2}
gobarber/src/app/controllers/FileController.js: {"insertSpaces":true,"tabSize":2}
gobarber/src/app/controllers/FileController.js: {"insertSpaces":true,"tabSize":2}
gobarber/src/app/controllers/FileController.js: {"insertSpaces":true,"tabSize":2}
gobarber/src/app/controllers/FileController.js: {"insertSpaces":true,"tabSize":2}
gobarber/src/app/controllers/FileController.js: {"insertSpaces":true,"tabSize":2}
gobarber/src/app/controllers/FileController.js: {"insertSpaces":true,"tabSize":2}
gobarber/src/app/controllers/FileController.js: {"insertSpaces":true,"tabSize":2}
gobarber/src/app/controllers/FileController.js: {"insertSpaces":true,"tabSize":2}
gobarber/src/app/controllers/FileController.js: Using EditorConfig core...
src/app/controllers/FileController.js: editor.action.trimTrailingWhitespace
gobarber/src/app/controllers/FileController.js: {"insertSpaces":true,"tabSize":2}
gobarber/src/app/controllers/FileController.js: {"insertSpaces":true,"tabSize":2}
gobarber/src/app/controllers/FileController.js: {"insertSpaces":true,"tabSize":2}
gobarber/src/app/controllers/FileController.js: {"insertSpaces":true,"tabSize":2}
gobarber/src/app/controllers/FileController.js: {"insertSpaces":true,"tabSize":2}
gobarber/src/app/controllers/FileController.js: {"insertSpaces":true,"tabSize":2}
gobarber/src/app/controllers/FileController.js: Using EditorConfig core...
src/app/controllers/FileController.js: editor.action.trimTrailingWhitespace
gobarber/src/app/controllers/FileController.js: {"insertSpaces":true,"tabSize":2}
gobarber/src/app/controllers/FileController.js: Using EditorConfig core...
src/app/controllers/FileController.js: editor.action.trimTrailingWhitespace
gobarber/src/app/controllers/FileController.js: Using EditorConfig core...
src/app/controllers/FileController.js: editor.action.trimTrailingWhitespace
gobarber/src/app/controllers/FileController.js: {"insertSpaces":true,"tabSize":2}
gobarber/src/app/controllers/FileController.js: {"insertSpaces":true,"tabSize":2}
gobarber/src/app/controllers/FileController.js: {"insertSpaces":true,"tabSize":2}
gobarber/src/app/controllers/FileController.js: {"insertSpaces":true,"tabSize":2}
gobarber/src/app/controllers/FileController.js: {"insertSpaces":true,"tabSize":2}
gobarber/src/app/controllers/FileController.js: {"insertSpaces":true,"tabSize":2}
gobarber/src/app/controllers/FileController.js: {"insertSpaces":true,"tabSize":2}
gobarber/src/app/controllers/FileController.js: {"insertSpaces":true,"tabSize":2}
gobarber/src/app/controllers/FileController.js: {"insertSpaces":true,"tabSize":2}
gobarber/src/app/controllers/FileController.js: {"insertSpaces":true,"tabSize":2}
gobarber/src/database/migrations/20200509144011-create-files.js: {"insertSpaces":true,"tabSize":2}
gobarber/src/database/migrations/20200509150031-add-avatar-field-to-users.js: {"insertSpaces":true,"tabSize":2}
gobarber/src/database/migrations/20200509144011-create-files.js: {"insertSpaces":true,"tabSize":2}
gobarber/src/database/migrations/20200509150031-add-avatar-field-to-users.js: {"insertSpaces":true,"tabSize":2}
gobarber/src/database/migrations/20200509150031-add-avatar-field-to-users.js: {"insertSpaces":true,"tabSize":2}
gobarber/src/database/migrations/20200509150031-add-avatar-field-to-users.js: {"insertSpaces":true,"tabSize":2}
gobarber/src/database/migrations/20200509150031-add-avatar-field-to-users.js: {"insertSpaces":true,"tabSize":2}
gobarber/src/database/migrations/20200509150031-add-avatar-field-to-users.js: {"insertSpaces":true,"tabSize":2}
gobarber/src/database/migrations/20200509150031-add-avatar-field-to-users.js: {"insertSpaces":true,"tabSize":2}
gobarber/src/database/migrations/20200509150031-add-avatar-field-to-users.js: {"insertSpaces":true,"tabSize":2}
gobarber/src/database/migrations/20200509150031-add-avatar-field-to-users.js: {"insertSpaces":true,"tabSize":2}
gobarber/src/database/migrations/20200509150031-add-avatar-field-to-users.js: {"insertSpaces":true,"tabSize":2}
gobarber/src/database/migrations/20200509150031-add-avatar-field-to-users.js: {"insertSpaces":true,"tabSize":2}
gobarber/src/database/migrations/20200509150031-add-avatar-field-to-users.js: {"insertSpaces":true,"tabSize":2}
gobarber/src/database/migrations/20200509150031-add-avatar-field-to-users.js: {"insertSpaces":true,"tabSize":2}
gobarber/src/database/migrations/20200509150031-add-avatar-field-to-users.js: {"insertSpaces":true,"tabSize":2}
gobarber/src/database/migrations/20200509150031-add-avatar-field-to-users.js: {"insertSpaces":true,"tabSize":2}
gobarber/src/database/migrations/20200509150031-add-avatar-field-to-users.js: {"insertSpaces":true,"tabSize":2}
gobarber/src/database/migrations/20200509150031-add-avatar-field-to-users.js: {"insertSpaces":true,"tabSize":2}
gobarber/src/database/migrations/20200509150031-add-avatar-field-to-users.js: {"insertSpaces":true,"tabSize":2}
gobarber/src/database/migrations/20200509150031-add-avatar-field-to-users.js: {"insertSpaces":true,"tabSize":2}
gobarber/src/database/migrations/20200509150031-add-avatar-field-to-users.js: {"insertSpaces":true,"tabSize":2}
gobarber/src/database/migrations/20200509150031-add-avatar-field-to-users.js: {"insertSpaces":true,"tabSize":2}
gobarber/src/database/migrations/20200509150031-add-avatar-field-to-users.js: {"insertSpaces":true,"tabSize":2}
gobarber/src/database/migrations/20200509150031-add-avatar-field-to-users.js: {"insertSpaces":true,"tabSize":2}
gobarber/src/database/migrations/20200509150031-add-avatar-field-to-users.js: {"insertSpaces":true,"tabSize":2}
gobarber/src/database/migrations/20200509150031-add-avatar-field-to-users.js: {"insertSpaces":true,"tabSize":2}
gobarber/src/database/migrations/20200509150031-add-avatar-field-to-users.js: {"insertSpaces":true,"tabSize":2}
gobarber/src/database/migrations/20200509150031-add-avatar-field-to-users.js: {"insertSpaces":true,"tabSize":2}
gobarber/src/database/migrations/20200509150031-add-avatar-field-to-users.js: {"insertSpaces":true,"tabSize":2}
gobarber/src/database/migrations/20200509150031-add-avatar-field-to-users.js: {"insertSpaces":true,"tabSize":2}
gobarber/src/database/migrations/20200509150031-add-avatar-field-to-users.js: Using EditorConfig core...
src/database/migrations/20200509150031-add-avatar-field-to-users.js: editor.action.trimTrailingWhitespace
gobarber/src/database/migrations/20200509150031-add-avatar-field-to-users.js: {"insertSpaces":true,"tabSize":2}
gobarber/src/database/migrations/20200509150031-add-avatar-field-to-users.js: Using EditorConfig core...
src/database/migrations/20200509150031-add-avatar-field-to-users.js: editor.action.trimTrailingWhitespace
gobarber/src/database/migrations/20200509150031-add-avatar-field-to-users.js: {"insertSpaces":true,"tabSize":2}
gobarber/src/database/migrations/20200509150031-add-avatar-field-to-users.js: {"insertSpaces":true,"tabSize":2}
gobarber/src/database/migrations/20200509150031-add-avatar-field-to-users.js: {"insertSpaces":true,"tabSize":2}
gobarber/src/database/migrations/20200509150031-add-avatar-field-to-users.js: Using EditorConfig core...
src/database/migrations/20200509150031-add-avatar-field-to-users.js: editor.action.trimTrailingWhitespace
gobarber/src/database/migrations/20200509150031-add-avatar-field-to-users.js: {"insertSpaces":true,"tabSize":2}
gobarber/src/database/migrations/20200509150031-add-avatar-field-to-users.js: {"insertSpaces":true,"tabSize":2}
gobarber/src/app/controllers/UserController.js: {"insertSpaces":true,"tabSize":2}
gobarber/src/app/controllers/UserController.js: {"insertSpaces":true,"tabSize":2}
gobarber/src/routes.js: {"insertSpaces":true,"tabSize":2}
gobarber/src/app/controllers/UserController.js: {"insertSpaces":true,"tabSize":2}
gobarber/src/app/controllers/UserController.js: {"insertSpaces":true,"tabSize":2}
gobarber/src/app/controllers/UserController.js: {"insertSpaces":true,"tabSize":2}
gobarber/src/app/controllers/UserController.js: {"insertSpaces":true,"tabSize":2}
gobarber/src/app/controllers/UserController.js: {"insertSpaces":true,"tabSize":2}
gobarber/src/app/controllers/UserController.js: {"insertSpaces":true,"tabSize":2}
gobarber/src/app/controllers/UserController.js: {"insertSpaces":true,"tabSize":2}
gobarber/src/app/models/User.js: {"insertSpaces":true,"tabSize":2}
gobarber/src/app/models/User.js: {"insertSpaces":true,"tabSize":2}
gobarber/src/app/models/User.js: {"insertSpaces":true,"tabSize":2}
gobarber/src/app/models/User.js: {"insertSpaces":true,"tabSize":2}
gobarber/src/app/models/User.js: {"insertSpaces":true,"tabSize":2}
gobarber/src/app/models/User.js: {"insertSpaces":true,"tabSize":2}
gobarber/src/app/models/User.js: {"insertSpaces":true,"tabSize":2}
gobarber/src/app/models/User.js: {"insertSpaces":true,"tabSize":2}
gobarber/src/app/models/User.js: {"insertSpaces":true,"tabSize":2}
gobarber/src/app/models/User.js: {"insertSpaces":true,"tabSize":2}
gobarber/src/app/models/User.js: {"insertSpaces":true,"tabSize":2}
gobarber/src/app/models/User.js: {"insertSpaces":true,"tabSize":2}
gobarber/src/app/models/User.js: {"insertSpaces":true,"tabSize":2}
gobarber/src/app/models/User.js: {"insertSpaces":true,"tabSize":2}
gobarber/src/app/models/User.js: {"insertSpaces":true,"tabSize":2}
gobarber/src/app/models/User.js: {"insertSpaces":true,"tabSize":2}
gobarber/src/app/models/User.js: Using EditorConfig core...
src/app/models/User.js: editor.action.trimTrailingWhitespace
gobarber/src/app/models/User.js: {"insertSpaces":true,"tabSize":2}
gobarber/src/database/index.js: {"insertSpaces":true,"tabSize":2}
gobarber/src/database/index.js: {"insertSpaces":true,"tabSize":2}
gobarber/src/database/index.js: {"insertSpaces":true,"tabSize":2}
gobarber/src/database/index.js: {"insertSpaces":true,"tabSize":2}
gobarber/src/database/index.js: {"insertSpaces":true,"tabSize":2}
gobarber/src/database/index.js: {"insertSpaces":true,"tabSize":2}
gobarber/src/database/index.js: {"insertSpaces":true,"tabSize":2}
gobarber/src/database/index.js: {"insertSpaces":true,"tabSize":2}
gobarber/src/database/index.js: {"insertSpaces":true,"tabSize":2}
gobarber/src/database/index.js: {"insertSpaces":true,"tabSize":2}
gobarber/src/database/index.js: Using EditorConfig core...
src/database/index.js: editor.action.trimTrailingWhitespace
gobarber/src/database/index.js: {"insertSpaces":true,"tabSize":2}
gobarber/src/database/index.js: Using EditorConfig core...
src/database/index.js: editor.action.trimTrailingWhitespace
gobarber/src/database/index.js: {"insertSpaces":true,"tabSize":2}
gobarber/src/database/index.js: Using EditorConfig core...
src/database/index.js: editor.action.trimTrailingWhitespace
gobarber/src/database/index.js: {"insertSpaces":true,"tabSize":2}
gobarber/src/database/index.js: {"insertSpaces":true,"tabSize":2}
gobarber/src/database/index.js: {"insertSpaces":true,"tabSize":2}
gobarber/src/database/index.js: {"insertSpaces":true,"tabSize":2}
gobarber/src/app/models/User.js: {"insertSpaces":true,"tabSize":2}
gobarber/src/app/models/User.js: {"insertSpaces":true,"tabSize":2}
gobarber/src/app/controllers/SessionController.js: {"insertSpaces":true,"tabSize":2}
gobarber/src/app/controllers/SessionController.js: {"insertSpaces":true,"tabSize":2}
gobarber/src/app/controllers/SessionController.js: {"insertSpaces":true,"tabSize":2}
gobarber/src/app/controllers/UserController.js: {"insertSpaces":true,"tabSize":2}
gobarber/src/app/controllers/UserController.js: {"insertSpaces":true,"tabSize":2}
gobarber/src/app/controllers/UserController.js: {"insertSpaces":true,"tabSize":2}
gobarber/src/app/controllers/UserController.js: {"insertSpaces":true,"tabSize":2}
gobarber/src/app/controllers/UserController.js: {"insertSpaces":true,"tabSize":2}
gobarber/src/app/controllers/UserController.js: {"insertSpaces":true,"tabSize":2}
gobarber/src/app/controllers/UserController.js: {"insertSpaces":true,"tabSize":2}
gobarber/src/app/controllers/UserController.js: {"insertSpaces":true,"tabSize":2}
gobarber/src/app/controllers/UserController.js: {"insertSpaces":true,"tabSize":2}
gobarber/src/app/controllers/UserController.js: {"insertSpaces":true,"tabSize":2}
gobarber/src/app/controllers/UserController.js: {"insertSpaces":true,"tabSize":2}
gobarber/src/app/controllers/UserController.js: {"insertSpaces":true,"tabSize":2}
gobarber/src/app/controllers/UserController.js: {"insertSpaces":true,"tabSize":2}
gobarber/src/app/controllers/UserController.js: {"insertSpaces":true,"tabSize":2}
gobarber/src/app/controllers/UserController.js: {"insertSpaces":true,"tabSize":2}
gobarber/src/app/controllers/UserController.js: {"insertSpaces":true,"tabSize":2}
gobarber/src/app/controllers/UserController.js: {"insertSpaces":true,"tabSize":2}
gobarber/src/app/controllers/UserController.js: {"insertSpaces":true,"tabSize":2}
gobarber/src/app/controllers/UserController.js: {"insertSpaces":true,"tabSize":2}
gobarber/src/app/controllers/UserController.js: {"insertSpaces":true,"tabSize":2}
gobarber/src/app/controllers/UserController.js: {"insertSpaces":true,"tabSize":2}
gobarber/src/app/controllers/UserController.js: {"insertSpaces":true,"tabSize":2}
gobarber/src/app/controllers/UserController.js: {"insertSpaces":true,"tabSize":2}
gobarber/src/app/controllers/UserController.js: {"insertSpaces":true,"tabSize":2}
gobarber/src/app/controllers/UserController.js: {"insertSpaces":true,"tabSize":2}
gobarber/src/app/controllers/UserController.js: {"insertSpaces":true,"tabSize":2}
gobarber/src/app/controllers/UserController.js: {"insertSpaces":true,"tabSize":2}
gobarber/src/app/controllers/UserController.js: {"insertSpaces":true,"tabSize":2}
gobarber/src/app/controllers/UserController.js: {"insertSpaces":true,"tabSize":2}
gobarber/src/app/controllers/UserController.js: {"insertSpaces":true,"tabSize":2}
gobarber/src/app/controllers/UserController.js: {"insertSpaces":true,"tabSize":2}
gobarber/src/app/controllers/UserController.js: {"insertSpaces":true,"tabSize":2}
gobarber/src/app/controllers/UserController.js: {"insertSpaces":true,"tabSize":2}
gobarber/src/app/controllers/UserController.js: {"insertSpaces":true,"tabSize":2}
gobarber/src/app/controllers/UserController.js: {"insertSpaces":true,"tabSize":2}
gobarber/src/app/controllers/UserController.js: {"insertSpaces":true,"tabSize":2}
gobarber/src/app/controllers/UserController.js: {"insertSpaces":true,"tabSize":2}
gobarber/src/app/controllers/UserController.js: {"insertSpaces":true,"tabSize":2}
gobarber/src/app/controllers/UserController.js: {"insertSpaces":true,"tabSize":2}
gobarber/src/app/controllers/UserController.js: {"insertSpaces":true,"tabSize":2}
gobarber/src/app/controllers/UserController.js: {"insertSpaces":true,"tabSize":2}
gobarber/src/app/controllers/UserController.js: {"insertSpaces":true,"tabSize":2}
gobarber/src/app/controllers/UserController.js: {"insertSpaces":true,"tabSize":2}
gobarber/src/app/controllers/UserController.js: {"insertSpaces":true,"tabSize":2}
gobarber/src/app/controllers/UserController.js: {"insertSpaces":true,"tabSize":2}
gobarber/src/app/controllers/UserController.js: {"insertSpaces":true,"tabSize":2}
gobarber/src/app/controllers/UserController.js: {"insertSpaces":true,"tabSize":2}
gobarber/src/app/controllers/UserController.js: {"insertSpaces":true,"tabSize":2}
gobarber/src/app/controllers/SessionController.js: {"insertSpaces":true,"tabSize":2}
gobarber/src/app/controllers/UserController.js: {"insertSpaces":true,"tabSize":2}
gobarber/src/app/controllers/UserController.js: {"insertSpaces":true,"tabSize":2}
gobarber/src/app/controllers/SessionController.js: {"insertSpaces":true,"tabSize":2}
gobarber/src/app/controllers/SessionController.js: {"insertSpaces":true,"tabSize":2}
gobarber/src/app/controllers/SessionController.js: {"insertSpaces":true,"tabSize":2}
gobarber/src/app/controllers/SessionController.js: {"insertSpaces":true,"tabSize":2}
gobarber/src/app/controllers/SessionController.js: {"insertSpaces":true,"tabSize":2}
gobarber/src/app/controllers/SessionController.js: {"insertSpaces":true,"tabSize":2}
gobarber/src/app/controllers/SessionController.js: {"insertSpaces":true,"tabSize":2}
gobarber/src/app/controllers/SessionController.js: {"insertSpaces":true,"tabSize":2}
gobarber/src/app/controllers/SessionController.js: {"insertSpaces":true,"tabSize":2}
gobarber/src/app/controllers/SessionController.js: {"insertSpaces":true,"tabSize":2}
gobarber/src/app/controllers/SessionController.js: {"insertSpaces":true,"tabSize":2}
gobarber/src/app/controllers/SessionController.js: {"insertSpaces":true,"tabSize":2}
gobarber/src/app/controllers/SessionController.js: {"insertSpaces":true,"tabSize":2}
gobarber/src/app/controllers/SessionController.js: Using EditorConfig core...
src/app/controllers/SessionController.js: editor.action.trimTrailingWhitespace
gobarber/src/app/controllers/SessionController.js: {"insertSpaces":true,"tabSize":2}
gobarber/src/app/controllers/UserController.js: {"insertSpaces":true,"tabSize":2}
gobarber/src/app/controllers/UserController.js: {"insertSpaces":true,"tabSize":2}
gobarber/src/app/controllers/UserController.js: {"insertSpaces":true,"tabSize":2}
gobarber/src/app/controllers/UserController.js: {"insertSpaces":true,"tabSize":2}
gobarber/src/app/controllers/UserController.js: {"insertSpaces":true,"tabSize":2}
gobarber/src/app/controllers/UserController.js: {"insertSpaces":true,"tabSize":2}
gobarber/src/app/controllers/UserController.js: {"insertSpaces":true,"tabSize":2}
gobarber/src/app/controllers/UserController.js: {"insertSpaces":true,"tabSize":2}
gobarber/src/app/controllers/UserController.js: {"insertSpaces":true,"tabSize":2}
gobarber/src/app/controllers/UserController.js: Using EditorConfig core...
src/app/controllers/UserController.js: editor.action.trimTrailingWhitespace
gobarber/src/app/controllers/UserController.js: {"insertSpaces":true,"tabSize":2}
gobarber/src/app/controllers/UserController.js: {"insertSpaces":true,"tabSize":2}
gobarber/src/app/controllers/UserController.js: Using EditorConfig core...
src/app/controllers/UserController.js: editor.action.trimTrailingWhitespace
gobarber/src/app/controllers/UserController.js: {"insertSpaces":true,"tabSize":2}
gobarber/src/app/controllers/UserController.js: {"insertSpaces":true,"tabSize":2}
gobarber/src/app/controllers/UserController.js: {"insertSpaces":true,"tabSize":2}
gobarber/src/app/controllers/UserController.js: {"insertSpaces":true,"tabSize":2}
gobarber/src/app/controllers/UserController.js: {"insertSpaces":true,"tabSize":2}
gobarber/src/app/controllers/UserController.js: Using EditorConfig core...
src/app/controllers/UserController.js: editor.action.trimTrailingWhitespace
gobarber/src/app/controllers/UserController.js: {"insertSpaces":true,"tabSize":2}
gobarber/src/app/controllers/UserController.js: {"insertSpaces":true,"tabSize":2}
gobarber/src/app/controllers/UserController.js: {"insertSpaces":true,"tabSize":2}
gobarber/src/app/controllers/UserController.js: {"insertSpaces":true,"tabSize":2}
gobarber/src/app/controllers/UserController.js: {"insertSpaces":true,"tabSize":2}
gobarber/src/app/controllers/UserController.js: {"insertSpaces":true,"tabSize":2}
gobarber/src/app/controllers/UserController.js: {"insertSpaces":true,"tabSize":2}
gobarber/src/app/controllers/UserController.js: {"insertSpaces":true,"tabSize":2}
gobarber/src/app/controllers/UserController.js: {"insertSpaces":true,"tabSize":2}
gobarber/src/app/controllers/UserController.js: {"insertSpaces":true,"tabSize":2}
gobarber/src/app/controllers/UserController.js: {"insertSpaces":true,"tabSize":2}
gobarber/src/app/controllers/UserController.js: {"insertSpaces":true,"tabSize":2}
gobarber/src/app/controllers/UserController.js: {"insertSpaces":true,"tabSize":2}
gobarber/src/app/controllers/UserController.js: {"insertSpaces":true,"tabSize":2}
gobarber/src/app/controllers/UserController.js: {"insertSpaces":true,"tabSize":2}
gobarber/src/app/controllers/UserController.js: {"insertSpaces":true,"tabSize":2}
gobarber/src/app/controllers/UserController.js: {"insertSpaces":true,"tabSize":2}
gobarber/src/app/controllers/UserController.js: {"insertSpaces":true,"tabSize":2}
gobarber/src/app/controllers/UserController.js: Using EditorConfig core...
src/app/controllers/UserController.js: editor.action.trimTrailingWhitespace
gobarber/src/app/controllers/UserController.js: {"insertSpaces":true,"tabSize":2}
gobarber/src/app/controllers/UserController.js: Using EditorConfig core...
src/app/controllers/UserController.js: editor.action.trimTrailingWhitespace
gobarber/src/app/controllers/UserController.js: {"insertSpaces":true,"tabSize":2}
gobarber/src/app/controllers/UserController.js: {"insertSpaces":true,"tabSize":2}
gobarber/src/app/controllers/UserController.js: {"insertSpaces":true,"tabSize":2}
gobarber/src/app/controllers/UserController.js: {"insertSpaces":true,"tabSize":2}
gobarber/src/app/controllers/UserController.js: {"insertSpaces":true,"tabSize":2}
gobarber/src/app/controllers/UserController.js: {"insertSpaces":true,"tabSize":2}
gobarber/src/app/controllers/UserController.js: {"insertSpaces":true,"tabSize":2}
gobarber/src/app/controllers/UserController.js: {"insertSpaces":true,"tabSize":2}
gobarber/src/app/controllers/UserController.js: {"insertSpaces":true,"tabSize":2}
gobarber/src/app/controllers/UserController.js: {"insertSpaces":true,"tabSize":2}
gobarber/src/app/controllers/UserController.js: {"insertSpaces":true,"tabSize":2}
gobarber/src/app/controllers/UserController.js: {"insertSpaces":true,"tabSize":2}
gobarber/src/app/controllers/UserController.js: {"insertSpaces":true,"tabSize":2}
gobarber/src/app/controllers/UserController.js: {"insertSpaces":true,"tabSize":2}
gobarber/src/app/controllers/UserController.js: {"insertSpaces":true,"tabSize":2}
gobarber/src/app/controllers/UserController.js: {"insertSpaces":true,"tabSize":2}
gobarber/src/app/controllers/UserController.js: {"insertSpaces":true,"tabSize":2}
gobarber/src/app/controllers/UserController.js: {"insertSpaces":true,"tabSize":2}
gobarber/src/app/controllers/UserController.js: {"insertSpaces":true,"tabSize":2}
gobarber/src/app/controllers/UserController.js: {"insertSpaces":true,"tabSize":2}
gobarber/src/app/controllers/UserController.js: {"insertSpaces":true,"tabSize":2}
gobarber/src/app/controllers/UserController.js: {"insertSpaces":true,"tabSize":2}
gobarber/src/app/controllers/UserController.js: {"insertSpaces":true,"tabSize":2}
gobarber/src/app/controllers/UserController.js: {"insertSpaces":true,"tabSize":2}
gobarber/src/app/controllers/UserController.js: {"insertSpaces":true,"tabSize":2}
gobarber/src/app/controllers/UserController.js: {"insertSpaces":true,"tabSize":2}
gobarber/src/app/controllers/UserController.js: {"insertSpaces":true,"tabSize":2}
gobarber/src/app/controllers/UserController.js: {"insertSpaces":true,"tabSize":2}
gobarber/src/app/models/User.js: {"insertSpaces":true,"tabSize":2}
gobarber/src/app/models/User.js: {"insertSpaces":true,"tabSize":2}
gobarber/src/app/models/User.js: {"insertSpaces":true,"tabSize":2}
gobarber/src/app/models/User.js: {"insertSpaces":true,"tabSize":2}
gobarber/src/app/models/User.js: {"insertSpaces":true,"tabSize":2}
gobarber/src/app/models/User.js: {"insertSpaces":true,"tabSize":2}
gobarber/src/app/models/User.js: {"insertSpaces":true,"tabSize":2}
gobarber/src/app/models/User.js: {"insertSpaces":true,"tabSize":2}
gobarber/src/app/models/User.js: {"insertSpaces":true,"tabSize":2}
gobarber/src/app/models/User.js: {"insertSpaces":true,"tabSize":2}
gobarber/src/app/controllers/UserController.js: {"insertSpaces":true,"tabSize":2}
gobarber/src/app/controllers/UserController.js: Using EditorConfig core...
src/app/controllers/UserController.js: editor.action.trimTrailingWhitespace
gobarber/src/app/controllers/UserController.js: {"insertSpaces":true,"tabSize":2}
gobarber/src/app/controllers/UserController.js: {"insertSpaces":true,"tabSize":2}
gobarber/src/app/controllers/UserController.js: {"insertSpaces":true,"tabSize":2}
gobarber/src/app/controllers/UserController.js: {"insertSpaces":true,"tabSize":2}
gobarber/src/app/controllers/UserController.js: {"insertSpaces":true,"tabSize":2}
gobarber/src/app/controllers/UserController.js: {"insertSpaces":true,"tabSize":2}
gobarber/src/app/controllers/UserController.js: {"insertSpaces":true,"tabSize":2}
gobarber/src/app/controllers/UserController.js: {"insertSpaces":true,"tabSize":2}
gobarber/src/app/controllers/UserController.js: {"insertSpaces":true,"tabSize":2}
gobarber/src/app/controllers/UserController.js: {"insertSpaces":true,"tabSize":2}
gobarber/src/app/controllers/UserController.js: {"insertSpaces":true,"tabSize":2}
gobarber/src/app/controllers/UserController.js: {"insertSpaces":true,"tabSize":2}
gobarber/src/app/controllers/UserController.js: {"insertSpaces":true,"tabSize":2}
gobarber/src/app/controllers/UserController.js: {"insertSpaces":true,"tabSize":2}
gobarber/src/app/controllers/UserController.js: {"insertSpaces":true,"tabSize":2}
gobarber/src/app/controllers/UserController.js: {"insertSpaces":true,"tabSize":2}
gobarber/src/app/controllers/UserController.js: {"insertSpaces":true,"tabSize":2}
gobarber/src/app/controllers/UserController.js: {"insertSpaces":true,"tabSize":2}
gobarber/src/app/controllers/UserController.js: {"insertSpaces":true,"tabSize":2}
gobarber/src/app/controllers/UserController.js: {"insertSpaces":true,"tabSize":2}
gobarber/src/app/controllers/UserController.js: {"insertSpaces":true,"tabSize":2}
gobarber/src/app/controllers/UserController.js: {"insertSpaces":true,"tabSize":2}
gobarber/src/app/controllers/UserController.js: {"insertSpaces":true,"tabSize":2}
gobarber/src/app/controllers/UserController.js: {"insertSpaces":true,"tabSize":2}
gobarber/src/app/controllers/UserController.js: {"insertSpaces":true,"tabSize":2}
gobarber/src/app/controllers/UserController.js: {"insertSpaces":true,"tabSize":2}
gobarber/src/app/controllers/UserController.js: {"insertSpaces":true,"tabSize":2}
gobarber/src/app/controllers/UserController.js: {"insertSpaces":true,"tabSize":2}
gobarber/src/app/controllers/UserController.js: {"insertSpaces":true,"tabSize":2}
gobarber/src/app/controllers/UserController.js: {"insertSpaces":true,"tabSize":2}
gobarber/src/app/controllers/UserController.js: {"insertSpaces":true,"tabSize":2}
gobarber/package.json: {"insertSpaces":true,"tabSize":2}
gobarber/package.json: {"insertSpaces":true,"tabSize":2}
gobarber/package.json: {"insertSpaces":true,"tabSize":2}
gobarber/package.json: {"insertSpaces":true,"tabSize":2}
