[2019-09-01 21:40:25.260] [exthost] [info] extension host started
[2019-09-01 21:40:25.366] [exthost] [info] ExtensionService#_doActivateExtension vscode.debug-auto-launch {"startup":true,"activationEvent":"*"}
[2019-09-01 21:40:25.367] [exthost] [info] ExtensionService#loadCommonJSModule /usr/share/code/resources/app/extensions/debug-auto-launch/dist/extension
[2019-09-01 21:40:25.389] [exthost] [info] ExtensionService#_doActivateExtension vscode.emmet {"startup":true,"activationEvent":"*"}
[2019-09-01 21:40:25.389] [exthost] [info] ExtensionService#loadCommonJSModule /usr/share/code/resources/app/extensions/emmet/dist/extension
[2019-09-01 21:40:25.519] [exthost] [info] ExtensionService#_doActivateExtension vscode.git {"startup":true,"activationEvent":"*"}
[2019-09-01 21:40:25.519] [exthost] [info] ExtensionService#loadCommonJSModule /usr/share/code/resources/app/extensions/git/dist/main
[2019-09-01 21:40:25.733] [exthost] [info] ExtensionService#_doActivateExtension vscode.merge-conflict {"startup":true,"activationEvent":"*"}
[2019-09-01 21:40:25.733] [exthost] [info] ExtensionService#loadCommonJSModule /usr/share/code/resources/app/extensions/merge-conflict/dist/extension
[2019-09-01 21:40:25.743] [exthost] [info] ExtensionService#_doActivateExtension PKief.material-icon-theme {"startup":true,"activationEvent":"*"}
[2019-09-01 21:40:25.743] [exthost] [info] ExtensionService#loadCommonJSModule /home/glaulher/.vscode/extensions/pkief.material-icon-theme-3.9.0/dist/extension
[2019-09-01 21:40:25.784] [exthost] [info] ExtensionService#_doActivateExtension vscode-icons-team.vscode-icons {"startup":true,"activationEvent":"*"}
[2019-09-01 21:40:25.784] [exthost] [info] ExtensionService#loadCommonJSModule /home/glaulher/.vscode/extensions/vscode-icons-team.vscode-icons-9.3.0/dist/src/vscode-icons.bundle.js
[2019-09-01 21:40:25.973] [exthost] [info] eager extensions activated
[2019-09-01 21:40:46.826] [exthost] [info] ExtensionService#_doActivateExtension vscode.configuration-editing {"startup":false,"activationEvent":"onLanguage:jsonc"}
[2019-09-01 21:40:46.826] [exthost] [info] ExtensionService#loadCommonJSModule /usr/share/code/resources/app/extensions/configuration-editing/dist/extension
[2019-09-01 21:40:46.849] [exthost] [info] ExtensionService#_doActivateExtension vscode.json-language-features {"startup":false,"activationEvent":"onLanguage:jsonc"}
[2019-09-01 21:40:46.849] [exthost] [info] ExtensionService#loadCommonJSModule /usr/share/code/resources/app/extensions/json-language-features/client/dist/jsonMain
[2019-09-01 21:40:47.100] [exthost] [info] ExtensionService#_doActivateExtension vscode.typescript-language-features {"startup":false,"activationEvent":"onLanguage:jsonc"}
[2019-09-01 21:40:47.100] [exthost] [info] ExtensionService#loadCommonJSModule /usr/share/code/resources/app/extensions/typescript-language-features/dist/extension
[2019-09-01 22:13:00.415] [exthost] [info] ExtensionService#_doActivateExtension naumovs.color-highlight {"startup":false,"activationEvent":"*"}
[2019-09-01 22:13:00.416] [exthost] [info] ExtensionService#loadCommonJSModule /home/glaulher/.vscode/extensions/naumovs.color-highlight-2.3.0/dist/extension
[2019-09-01 22:14:01.369] [exthost] [info] ExtensionService#_doActivateExtension EditorConfig.EditorConfig {"startup":false,"activationEvent":"*"}
[2019-09-01 22:14:01.369] [exthost] [info] ExtensionService#loadCommonJSModule /home/glaulher/.vscode/extensions/editorconfig.editorconfig-0.13.0/out/src/editorConfigMain
[2019-09-01 22:15:23.891] [exthost] [info] ExtensionService#_doActivateExtension dbaeumer.vscode-eslint {"startup":false,"activationEvent":"*"}
[2019-09-01 22:15:23.891] [exthost] [info] ExtensionService#loadCommonJSModule /home/glaulher/.vscode/extensions/dbaeumer.vscode-eslint-1.9.1/client/out/extension
[2019-09-01 22:18:15.577] [exthost] [info] ExtensionService#_doActivateExtension esbenp.prettier-vscode {"startup":false,"activationEvent":"*"}
[2019-09-01 22:18:15.577] [exthost] [info] ExtensionService#loadCommonJSModule /home/glaulher/.vscode/extensions/esbenp.prettier-vscode-2.2.2/out/extension
