[2020-04-11 15:11:45.451] [exthost] [info] extension host started
[2020-04-11 15:11:45.488] [exthost] [info] ExtensionService#_doActivateExtension vscode.debug-auto-launch {"startup":true,"extensionId":{"value":"vscode.debug-auto-launch","_lower":"vscode.debug-auto-launch"},"activationEvent":"*"}
[2020-04-11 15:11:45.489] [exthost] [info] ExtensionService#loadCommonJSModule file:///usr/share/codium/resources/app/extensions/debug-auto-launch/dist/extension
[2020-04-11 15:11:45.586] [exthost] [info] ExtensionService#_doActivateExtension vscode.emmet {"startup":true,"extensionId":{"value":"vscode.emmet","_lower":"vscode.emmet"},"activationEvent":"*"}
[2020-04-11 15:11:45.586] [exthost] [info] ExtensionService#loadCommonJSModule file:///usr/share/codium/resources/app/extensions/emmet/dist/extension
[2020-04-11 15:11:45.702] [exthost] [info] ExtensionService#_doActivateExtension vscode.git {"startup":true,"extensionId":{"value":"vscode.git","_lower":"vscode.git"},"activationEvent":"*"}
[2020-04-11 15:11:45.702] [exthost] [info] ExtensionService#loadCommonJSModule file:///usr/share/codium/resources/app/extensions/git/dist/main
[2020-04-11 15:11:45.942] [exthost] [info] ExtensionService#_doActivateExtension vscode.github-authentication {"startup":true,"extensionId":{"value":"vscode.github-authentication","_lower":"vscode.github-authentication"},"activationEvent":"*"}
[2020-04-11 15:11:45.942] [exthost] [info] ExtensionService#loadCommonJSModule file:///usr/share/codium/resources/app/extensions/github-authentication/dist/extension.js
[2020-04-11 15:11:46.052] [exthost] [info] ExtensionService#_doActivateExtension vscode.merge-conflict {"startup":true,"extensionId":{"value":"vscode.merge-conflict","_lower":"vscode.merge-conflict"},"activationEvent":"*"}
[2020-04-11 15:11:46.052] [exthost] [info] ExtensionService#loadCommonJSModule file:///usr/share/codium/resources/app/extensions/merge-conflict/dist/extension
[2020-04-11 15:11:46.090] [exthost] [info] ExtensionService#_doActivateExtension vscode.search-result {"startup":true,"extensionId":{"value":"vscode.search-result","_lower":"vscode.search-result"},"activationEvent":"*"}
[2020-04-11 15:11:46.090] [exthost] [info] ExtensionService#loadCommonJSModule file:///usr/share/codium/resources/app/extensions/search-result/dist/extension.js
[2020-04-11 15:11:46.093] [exthost] [info] ExtensionService#_doActivateExtension vscode.vscode-account {"startup":true,"extensionId":{"value":"vscode.vscode-account","_lower":"vscode.vscode-account"},"activationEvent":"*"}
[2020-04-11 15:11:46.093] [exthost] [info] ExtensionService#loadCommonJSModule file:///usr/share/codium/resources/app/extensions/vscode-account/dist/extension.js
[2020-04-11 15:11:46.122] [exthost] [info] ExtensionService#_doActivateExtension CoenraadS.bracket-pair-colorizer {"startup":true,"extensionId":{"value":"CoenraadS.bracket-pair-colorizer","_lower":"coenraads.bracket-pair-colorizer"},"activationEvent":"*"}
[2020-04-11 15:11:46.122] [exthost] [info] ExtensionService#loadCommonJSModule file:///home/glaulher/.vscode-oss/extensions/coenraads.bracket-pair-colorizer-1.0.61/out/src/extension
[2020-04-11 15:11:46.251] [exthost] [info] ExtensionService#_doActivateExtension dbaeumer.vscode-eslint {"startup":true,"extensionId":{"value":"dbaeumer.vscode-eslint","_lower":"dbaeumer.vscode-eslint"},"activationEvent":"*"}
[2020-04-11 15:11:46.251] [exthost] [info] ExtensionService#loadCommonJSModule file:///home/glaulher/.vscode-oss/extensions/dbaeumer.vscode-eslint-2.1.2/client/out/extension
[2020-04-11 15:11:46.303] [exthost] [info] ExtensionService#_doActivateExtension EditorConfig.EditorConfig {"startup":true,"extensionId":{"value":"EditorConfig.EditorConfig","_lower":"editorconfig.editorconfig"},"activationEvent":"*"}
[2020-04-11 15:11:46.303] [exthost] [info] ExtensionService#loadCommonJSModule file:///home/glaulher/.vscode-oss/extensions/editorconfig.editorconfig-0.14.5/out/editorConfigMain.js
[2020-04-11 15:11:46.924] [exthost] [info] ExtensionService#_doActivateExtension esbenp.prettier-vscode {"startup":true,"extensionId":{"value":"esbenp.prettier-vscode","_lower":"esbenp.prettier-vscode"},"activationEvent":"*"}
[2020-04-11 15:11:46.924] [exthost] [info] ExtensionService#loadCommonJSModule file:///home/glaulher/.vscode-oss/extensions/esbenp.prettier-vscode-4.2.0/dist/extension
[2020-04-11 15:11:47.214] [exthost] [info] ExtensionService#_doActivateExtension naumovs.color-highlight {"startup":true,"extensionId":{"value":"naumovs.color-highlight","_lower":"naumovs.color-highlight"},"activationEvent":"*"}
[2020-04-11 15:11:47.215] [exthost] [info] ExtensionService#loadCommonJSModule file:///home/glaulher/.vscode-oss/extensions/naumovs.color-highlight-2.3.0/dist/extension
[2020-04-11 15:11:47.270] [exthost] [info] ExtensionService#_doActivateExtension PKief.material-icon-theme {"startup":true,"extensionId":{"value":"PKief.material-icon-theme","_lower":"pkief.material-icon-theme"},"activationEvent":"*"}
[2020-04-11 15:11:47.270] [exthost] [info] ExtensionService#loadCommonJSModule file:///home/glaulher/.vscode-oss/extensions/pkief.material-icon-theme-4.0.1/dist/extension
[2020-04-11 15:11:47.307] [exthost] [info] eager extensions activated
[2020-04-11 15:11:47.309] [exthost] [info] ExtensionService#_doActivateExtension vscode.configuration-editing {"startup":false,"extensionId":{"value":"vscode.configuration-editing","_lower":"vscode.configuration-editing"},"activationEvent":"onLanguage:json"}
[2020-04-11 15:11:47.309] [exthost] [info] ExtensionService#loadCommonJSModule file:///usr/share/codium/resources/app/extensions/configuration-editing/dist/extension
[2020-04-11 15:11:47.341] [exthost] [info] ExtensionService#_doActivateExtension vscode.extension-editing {"startup":false,"extensionId":{"value":"vscode.extension-editing","_lower":"vscode.extension-editing"},"activationEvent":"onLanguage:json"}
[2020-04-11 15:11:47.341] [exthost] [info] ExtensionService#loadCommonJSModule file:///usr/share/codium/resources/app/extensions/extension-editing/dist/extension
[2020-04-11 15:11:47.387] [exthost] [info] ExtensionService#_doActivateExtension vscode.json-language-features {"startup":false,"extensionId":{"value":"vscode.json-language-features","_lower":"vscode.json-language-features"},"activationEvent":"onLanguage:json"}
[2020-04-11 15:11:47.387] [exthost] [info] ExtensionService#loadCommonJSModule file:///usr/share/codium/resources/app/extensions/json-language-features/client/dist/jsonMain
[2020-04-11 15:11:47.461] [exthost] [info] ExtensionService#_doActivateExtension vscode.npm {"startup":false,"extensionId":{"value":"vscode.npm","_lower":"vscode.npm"},"activationEvent":"onLanguage:json"}
[2020-04-11 15:11:47.461] [exthost] [info] ExtensionService#loadCommonJSModule file:///usr/share/codium/resources/app/extensions/npm/dist/main
[2020-04-11 15:11:47.603] [exthost] [info] ExtensionService#_doActivateExtension vscode.css-language-features {"startup":false,"extensionId":{"value":"vscode.css-language-features","_lower":"vscode.css-language-features"},"activationEvent":"onLanguage:css"}
[2020-04-11 15:11:47.603] [exthost] [info] ExtensionService#loadCommonJSModule file:///usr/share/codium/resources/app/extensions/css-language-features/client/dist/cssMain
[2020-04-11 15:11:47.742] [exthost] [info] ExtensionService#_doActivateExtension vscode.typescript-language-features {"startup":false,"extensionId":{"value":"vscode.typescript-language-features","_lower":"vscode.typescript-language-features"},"activationEvent":"onLanguage:typescript"}
[2020-04-11 15:11:47.742] [exthost] [info] ExtensionService#loadCommonJSModule file:///usr/share/codium/resources/app/extensions/typescript-language-features/dist/extension
