[2019-08-22 23:49:28.270] [exthost] [info] extension host started
[2019-08-22 23:49:28.321] [exthost] [info] ExtensionService#_doActivateExtension vscode.debug-auto-launch {"startup":true,"activationEvent":"*"}
[2019-08-22 23:49:28.321] [exthost] [info] ExtensionService#loadCommonJSModule /usr/share/code/resources/app/extensions/debug-auto-launch/dist/extension
[2019-08-22 23:49:28.608] [exthost] [info] ExtensionService#_doActivateExtension vscode.emmet {"startup":true,"activationEvent":"*"}
[2019-08-22 23:49:28.608] [exthost] [info] ExtensionService#loadCommonJSModule /usr/share/code/resources/app/extensions/emmet/dist/extension
[2019-08-22 23:49:28.871] [exthost] [info] ExtensionService#_doActivateExtension vscode.git {"startup":true,"activationEvent":"*"}
[2019-08-22 23:49:28.871] [exthost] [info] ExtensionService#loadCommonJSModule /usr/share/code/resources/app/extensions/git/dist/main
[2019-08-22 23:49:29.253] [exthost] [info] ExtensionService#_doActivateExtension vscode.merge-conflict {"startup":true,"activationEvent":"*"}
[2019-08-22 23:49:29.253] [exthost] [info] ExtensionService#loadCommonJSModule /usr/share/code/resources/app/extensions/merge-conflict/dist/extension
[2019-08-22 23:49:29.471] [exthost] [info] eager extensions activated
[2019-08-22 23:49:40.328] [exthost] [info] extension host started
[2019-08-22 23:49:40.354] [exthost] [info] ExtensionService#_doActivateExtension vscode.debug-auto-launch {"startup":true,"activationEvent":"*"}
[2019-08-22 23:49:40.354] [exthost] [info] ExtensionService#loadCommonJSModule /usr/share/code/resources/app/extensions/debug-auto-launch/dist/extension
[2019-08-22 23:49:40.361] [exthost] [info] ExtensionService#_doActivateExtension vscode.emmet {"startup":true,"activationEvent":"*"}
[2019-08-22 23:49:40.361] [exthost] [info] ExtensionService#loadCommonJSModule /usr/share/code/resources/app/extensions/emmet/dist/extension
[2019-08-22 23:49:40.460] [exthost] [info] ExtensionService#_doActivateExtension vscode.git {"startup":true,"activationEvent":"*"}
[2019-08-22 23:49:40.460] [exthost] [info] ExtensionService#loadCommonJSModule /usr/share/code/resources/app/extensions/git/dist/main
[2019-08-22 23:49:40.651] [exthost] [info] ExtensionService#_doActivateExtension vscode.merge-conflict {"startup":true,"activationEvent":"*"}
[2019-08-22 23:49:40.651] [exthost] [info] ExtensionService#loadCommonJSModule /usr/share/code/resources/app/extensions/merge-conflict/dist/extension
[2019-08-22 23:49:40.663] [exthost] [info] eager extensions activated
[2019-08-22 23:50:56.783] [exthost] [info] ExtensionService#_doActivateExtension ms-vscode.csharp {"startup":false,"activationEvent":"workspaceContains:project.json"}
[2019-08-22 23:50:56.783] [exthost] [info] ExtensionService#loadCommonJSModule /home/glaulher/.vscode/extensions/ms-vscode.csharp-1.21.1/dist/extension
[2019-08-22 23:56:10.447] [exthost] [info] ExtensionService#_doActivateExtension vscode-icons-team.vscode-icons {"startup":false,"activationEvent":"*"}
[2019-08-22 23:56:10.447] [exthost] [info] ExtensionService#loadCommonJSModule /home/glaulher/.vscode/extensions/vscode-icons-team.vscode-icons-9.2.0/dist/src/vscode-icons.bundle.js
[2019-08-22 23:56:23.064] [exthost] [info] ExtensionService#_doActivateExtension PKief.material-icon-theme {"startup":false,"activationEvent":"*"}
[2019-08-22 23:56:23.064] [exthost] [info] ExtensionService#loadCommonJSModule /home/glaulher/.vscode/extensions/pkief.material-icon-theme-3.8.1/dist/extension
[2019-08-22 23:56:31.644] [exthost] [info] ExtensionService#_doActivateExtension vscode.configuration-editing {"startup":false,"activationEvent":"onLanguage:jsonc"}
[2019-08-22 23:56:31.644] [exthost] [info] ExtensionService#loadCommonJSModule /usr/share/code/resources/app/extensions/configuration-editing/dist/extension
[2019-08-22 23:56:31.776] [exthost] [info] ExtensionService#_doActivateExtension vscode.json-language-features {"startup":false,"activationEvent":"onLanguage:jsonc"}
[2019-08-22 23:56:31.776] [exthost] [info] ExtensionService#loadCommonJSModule /usr/share/code/resources/app/extensions/json-language-features/client/dist/jsonMain
[2019-08-22 23:56:32.017] [exthost] [info] ExtensionService#_doActivateExtension vscode.typescript-language-features {"startup":false,"activationEvent":"onLanguage:jsonc"}
[2019-08-22 23:56:32.017] [exthost] [info] ExtensionService#loadCommonJSModule /usr/share/code/resources/app/extensions/typescript-language-features/dist/extension
