Initializing document watcher...
gobarber/tmp: {"insertSpaces":true,"tabSize":2}
gobarber/tmp: {"insertSpaces":true,"tabSize":2}
gobarber/tmp: {"insertSpaces":true,"tabSize":2}
gobarber/tmp: {"insertSpaces":true,"tabSize":2}
gobarber/tmp: {"insertSpaces":true,"tabSize":2}
gobarber/tmp: {"insertSpaces":true,"tabSize":2}
gobarber/tmp: {"insertSpaces":true,"tabSize":2}
gobarber/src/multer.js: {"insertSpaces":true,"tabSize":2}
gobarber/src/multer.js: {"insertSpaces":true,"tabSize":2}
gobarber/src/multer.js: {"insertSpaces":true,"tabSize":2}
gobarber/src/multer.js: {"insertSpaces":true,"tabSize":2}
gobarber/src/multer.js: {"insertSpaces":true,"tabSize":2}
gobarber/src/multer.js: {"insertSpaces":true,"tabSize":2}
gobarber/src/multer.js: {"insertSpaces":true,"tabSize":2}
gobarber/src/multer.js: {"insertSpaces":true,"tabSize":2}
gobarber/src/multer.js: {"insertSpaces":true,"tabSize":2}
gobarber/src/multer.js: {"insertSpaces":true,"tabSize":2}
gobarber/src/multer.js: {"insertSpaces":true,"tabSize":2}
gobarber/src/multer.js: {"insertSpaces":true,"tabSize":2}
gobarber/src/multer.js: {"insertSpaces":true,"tabSize":2}
gobarber/src/multer.js: Using EditorConfig core...
src/multer.js: editor.action.trimTrailingWhitespace
gobarber/src/multer.js: {"insertSpaces":true,"tabSize":2}
gobarber/src/multer.js: {"insertSpaces":true,"tabSize":2}
gobarber/src/multer.js: {"insertSpaces":true,"tabSize":2}
gobarber/src/multer.js: {"insertSpaces":true,"tabSize":2}
gobarber/src/multer.js: {"insertSpaces":true,"tabSize":2}
gobarber/src/multer.js: {"insertSpaces":true,"tabSize":2}
gobarber/src/multer.js: Using EditorConfig core...
src/multer.js: editor.action.trimTrailingWhitespace
gobarber/src/multer.js: {"insertSpaces":true,"tabSize":2}
gobarber/src/multer.js: {"insertSpaces":true,"tabSize":2}
gobarber/src/multer.js: {"insertSpaces":true,"tabSize":2}
gobarber/src/multer.js: {"insertSpaces":true,"tabSize":2}
gobarber/src/multer.js: {"insertSpaces":true,"tabSize":2}
gobarber/src/multer.js: {"insertSpaces":true,"tabSize":2}
gobarber/src/multer.js: {"insertSpaces":true,"tabSize":2}
gobarber/src/multer.js: {"insertSpaces":true,"tabSize":2}
gobarber/src/multer.js: {"insertSpaces":true,"tabSize":2}
gobarber/src/multer.js: {"insertSpaces":true,"tabSize":2}
gobarber/src/multer.js: {"insertSpaces":true,"tabSize":2}
gobarber/src/multer.js: {"insertSpaces":true,"tabSize":2}
gobarber/src/multer.js: {"insertSpaces":true,"tabSize":2}
gobarber/src/multer.js: {"insertSpaces":true,"tabSize":2}
gobarber/src/multer.js: {"insertSpaces":true,"tabSize":2}
gobarber/src/multer.js: {"insertSpaces":true,"tabSize":2}
gobarber/src/multer.js: {"insertSpaces":true,"tabSize":2}
gobarber/src/multer.js: Using EditorConfig core...
src/multer.js: editor.action.trimTrailingWhitespace
gobarber/src/multer.js: {"insertSpaces":true,"tabSize":2}
gobarber/src/multer.js: Using EditorConfig core...
src/multer.js: editor.action.trimTrailingWhitespace
gobarber/src/multer.js: {"insertSpaces":true,"tabSize":2}
gobarber/src/multer.js: Using EditorConfig core...
src/multer.js: editor.action.trimTrailingWhitespace
gobarber/src/multer.js: {"insertSpaces":true,"tabSize":2}
gobarber/src/multer.js: {"insertSpaces":true,"tabSize":2}
gobarber/src/multer.js: Using EditorConfig core...
src/multer.js: editor.action.trimTrailingWhitespace
gobarber/src/multer.js: {"insertSpaces":true,"tabSize":2}
gobarber/src/multer.js: {"insertSpaces":true,"tabSize":2}
gobarber/src/multer.js: {"insertSpaces":true,"tabSize":2}
gobarber/src/multer.js: {"insertSpaces":true,"tabSize":2}
gobarber/src/multer.js: {"insertSpaces":true,"tabSize":2}
gobarber/src/multer.js: {"insertSpaces":true,"tabSize":2}
gobarber/src/multer.js: {"insertSpaces":true,"tabSize":2}
gobarber/src/multer.js: {"insertSpaces":true,"tabSize":2}
gobarber/src/multer.js: {"insertSpaces":true,"tabSize":2}
gobarber/src/multer.js: {"insertSpaces":true,"tabSize":2}
gobarber/src/multer.js: {"insertSpaces":true,"tabSize":2}
gobarber/src/multer.js: {"insertSpaces":true,"tabSize":2}
gobarber/src/multer.js: {"insertSpaces":true,"tabSize":2}
gobarber/src/multer.js: {"insertSpaces":true,"tabSize":2}
gobarber/src/multer.js: Using EditorConfig core...
src/multer.js: editor.action.trimTrailingWhitespace
gobarber/src/multer.js: {"insertSpaces":true,"tabSize":2}
gobarber/src/routes.js: {"insertSpaces":true,"tabSize":2}
gobarber/src/routes.js: {"insertSpaces":true,"tabSize":2}
gobarber/src/routes.js: {"insertSpaces":true,"tabSize":2}
gobarber/src/routes.js: {"insertSpaces":true,"tabSize":2}
gobarber/src/routes.js: {"insertSpaces":true,"tabSize":2}
gobarber/src/routes.js: {"insertSpaces":true,"tabSize":2}
gobarber/src/routes.js: {"insertSpaces":true,"tabSize":2}
gobarber/src/routes.js: {"insertSpaces":true,"tabSize":2}
gobarber/src/routes.js: {"insertSpaces":true,"tabSize":2}
gobarber/src/routes.js: {"insertSpaces":true,"tabSize":2}
gobarber/src/routes.js: Using EditorConfig core...
src/routes.js: editor.action.trimTrailingWhitespace
gobarber/src/routes.js: {"insertSpaces":true,"tabSize":2}
gobarber/src/routes.js: {"insertSpaces":true,"tabSize":2}
gobarber/src/routes.js: {"insertSpaces":true,"tabSize":2}
gobarber/src/routes.js: {"insertSpaces":true,"tabSize":2}
gobarber/src/routes.js: {"insertSpaces":true,"tabSize":2}
gobarber/src/routes.js: {"insertSpaces":true,"tabSize":2}
gobarber/src/routes.js: {"insertSpaces":true,"tabSize":2}
gobarber/src/routes.js: {"insertSpaces":true,"tabSize":2}
gobarber/src/routes.js: {"insertSpaces":true,"tabSize":2}
gobarber/src/routes.js: {"insertSpaces":true,"tabSize":2}
gobarber/src/routes.js: {"insertSpaces":true,"tabSize":2}
gobarber/src/routes.js: {"insertSpaces":true,"tabSize":2}
gobarber/src/routes.js: {"insertSpaces":true,"tabSize":2}
gobarber/src/routes.js: {"insertSpaces":true,"tabSize":2}
gobarber/src/routes.js: {"insertSpaces":true,"tabSize":2}
gobarber/src/routes.js: {"insertSpaces":true,"tabSize":2}
gobarber/src/routes.js: {"insertSpaces":true,"tabSize":2}
gobarber/src/routes.js: {"insertSpaces":true,"tabSize":2}
gobarber/src/routes.js: {"insertSpaces":true,"tabSize":2}
gobarber/src/routes.js: {"insertSpaces":true,"tabSize":2}
gobarber/src/routes.js: Using EditorConfig core...
src/routes.js: editor.action.trimTrailingWhitespace
gobarber/src/routes.js: {"insertSpaces":true,"tabSize":2}
gobarber/src/routes.js: {"insertSpaces":true,"tabSize":2}
gobarber/src/routes.js: {"insertSpaces":true,"tabSize":2}
gobarber/package.json: {"insertSpaces":true,"tabSize":2}
gobarber/package.json: {"insertSpaces":true,"tabSize":2}
gobarber/package.json: {"insertSpaces":true,"tabSize":2}
gobarber/package.json: {"insertSpaces":true,"tabSize":2}
gobarber/package.json: {"insertSpaces":true,"tabSize":2}
gobarber/package.json: {"insertSpaces":true,"tabSize":2}
gobarber/package.json: {"insertSpaces":true,"tabSize":2}
gobarber/package.json: {"insertSpaces":true,"tabSize":2}
gobarber/package.json: {"insertSpaces":true,"tabSize":2}
gobarber/package.json: {"insertSpaces":true,"tabSize":2}
gobarber/package.json: {"insertSpaces":true,"tabSize":2}
gobarber/package.json: {"insertSpaces":true,"tabSize":2}
gobarber/package.json: {"insertSpaces":true,"tabSize":2}
gobarber/package.json: {"insertSpaces":true,"tabSize":2}
gobarber/src/routes.js: {"insertSpaces":true,"tabSize":2}
gobarber/src/routes.js: {"insertSpaces":true,"tabSize":2}
gobarber/src/routes.js: {"insertSpaces":true,"tabSize":2}
gobarber/src/routes.js: {"insertSpaces":true,"tabSize":2}
gobarber/src/multer.js: {"insertSpaces":true,"tabSize":2}
gobarber/src/multer.js: Using EditorConfig core...
src/multer.js: editor.action.trimTrailingWhitespace
gobarber/src/multer.js: {"insertSpaces":true,"tabSize":2}
gobarber/src/multer.js: {"insertSpaces":true,"tabSize":2}
gobarber/src/multer.js: {"insertSpaces":true,"tabSize":2}
gobarber/src/config/multer.js: {"insertSpaces":true,"tabSize":2}
gobarber/src/config/multer.js: {"insertSpaces":true,"tabSize":2}
gobarber/src/routes.js: {"insertSpaces":true,"tabSize":2}
gobarber/src/routes.js: Using EditorConfig core...
src/routes.js: editor.action.trimTrailingWhitespace
gobarber/src/routes.js: {"insertSpaces":true,"tabSize":2}
gobarber/src/routes.js: {"insertSpaces":true,"tabSize":2}
gobarber/src/config/multer.js: {"insertSpaces":true,"tabSize":2}
gobarber/src/config/multer.js: Using EditorConfig core...
src/config/multer.js: editor.action.trimTrailingWhitespace
gobarber/src/config/multer.js: {"insertSpaces":true,"tabSize":2}
gobarber/src/config/multer.js: {"insertSpaces":true,"tabSize":2}
gobarber/src/config/multer.js: {"insertSpaces":true,"tabSize":2}
gobarber/src/config/multer.js: {"insertSpaces":true,"tabSize":2}
gobarber/src/config/multer.js: {"insertSpaces":true,"tabSize":2}
gobarber/src/config/multer.js: {"insertSpaces":true,"tabSize":2}
gobarber/src/config/multer.js: {"insertSpaces":true,"tabSize":2}
gobarber/src/config/multer.js: {"insertSpaces":true,"tabSize":2}
gobarber/src/config/multer.js: {"insertSpaces":true,"tabSize":2}
gobarber/src/config/multer.js: {"insertSpaces":true,"tabSize":2}
gobarber/src/config/multer.js: {"insertSpaces":true,"tabSize":2}
No more open editors.
gobarber/src/config/multer.js: {"insertSpaces":true,"tabSize":2}
gobarber/src/config/multer.js: {"insertSpaces":true,"tabSize":2}
No more open editors.
No more open editors.
No more open editors.
gobarber/src/config/multer.js: {"insertSpaces":true,"tabSize":2}
