Initializing document watcher...
gobarber/src/app/controllers/SessionController.js: {"insertSpaces":true,"tabSize":2}
gobarber/src/app/controllers/SessionController.js: {"insertSpaces":true,"tabSize":2}
gobarber/src/app/controllers/SessionController.js: {"insertSpaces":true,"tabSize":2}
gobarber/src/app/controllers/UserController.js: {"insertSpaces":true,"tabSize":2}
gobarber/src/app/controllers/UserController.js: {"insertSpaces":true,"tabSize":2}
gobarber/src/app/controllers/UserController.js: {"insertSpaces":true,"tabSize":2}
gobarber/src/app/controllers/UserController.js: {"insertSpaces":true,"tabSize":2}
gobarber/src/app/controllers/UserController.js: {"insertSpaces":true,"tabSize":2}
gobarber/src/app/controllers/UserController.js: {"insertSpaces":true,"tabSize":2}
gobarber/src/app/controllers/UserController.js: Using EditorConfig core...
src/app/controllers/UserController.js: editor.action.trimTrailingWhitespace
gobarber/src/app/controllers/UserController.js: {"insertSpaces":true,"tabSize":2}
gobarber/src/app/controllers/UserController.js: {"insertSpaces":true,"tabSize":2}
gobarber/src/app/controllers/UserController.js: {"insertSpaces":true,"tabSize":2}
gobarber/src/routes.js: {"insertSpaces":true,"tabSize":2}
gobarber/src/routes.js: Using EditorConfig core...
src/routes.js: editor.action.trimTrailingWhitespace
gobarber/src/routes.js: {"insertSpaces":true,"tabSize":2}
gobarber/src/app/controllers/UserController.js: {"insertSpaces":true,"tabSize":2}
gobarber/src/app/controllers/SessionController.js: {"insertSpaces":true,"tabSize":2}
gobarber/src/app/controllers/UserController.js: {"insertSpaces":true,"tabSize":2}
gobarber/src/app/controllers/UserController.js: {"insertSpaces":true,"tabSize":2}
gobarber/src/app/controllers/UserController.js: Using EditorConfig core...
src/app/controllers/UserController.js: editor.action.trimTrailingWhitespace
gobarber/src/app/controllers/UserController.js: {"insertSpaces":true,"tabSize":2}
gobarber/src/app/controllers/UserController.js: Using EditorConfig core...
src/app/controllers/UserController.js: editor.action.trimTrailingWhitespace
gobarber/src/app/controllers/UserController.js: {"insertSpaces":true,"tabSize":2}
gobarber/src/app/controllers/UserController.js: {"insertSpaces":true,"tabSize":2}
gobarber/src/app/controllers/UserController.js: {"insertSpaces":true,"tabSize":2}
gobarber/src/app/controllers/UserController.js: {"insertSpaces":true,"tabSize":2}
gobarber/src/app/middlewares/auth.js: {"insertSpaces":true,"tabSize":2}
gobarber/src/app/middlewares/auth.js: {"insertSpaces":true,"tabSize":2}
gobarber/src/routes.js: {"insertSpaces":true,"tabSize":2}
gobarber/src/routes.js: {"insertSpaces":true,"tabSize":2}
gobarber/src/routes.js: {"insertSpaces":true,"tabSize":2}
gobarber/src/routes.js: {"insertSpaces":true,"tabSize":2}
gobarber/src/routes.js: {"insertSpaces":true,"tabSize":2}
gobarber/src/routes.js: {"insertSpaces":true,"tabSize":2}
gobarber/src/routes.js: {"insertSpaces":true,"tabSize":2}
gobarber/src/routes.js: Using EditorConfig core...
src/routes.js: editor.action.trimTrailingWhitespace
gobarber/src/routes.js: {"insertSpaces":true,"tabSize":2}
gobarber/src/routes.js: {"insertSpaces":true,"tabSize":2}
gobarber/src/routes.js: {"insertSpaces":true,"tabSize":2}
gobarber/src/routes.js: Using EditorConfig core...
src/routes.js: editor.action.trimTrailingWhitespace
gobarber/src/routes.js: {"insertSpaces":true,"tabSize":2}
gobarber/src/routes.js: {"insertSpaces":true,"tabSize":2}
gobarber/src/routes.js: {"insertSpaces":true,"tabSize":2}
gobarber/src/app/middlewares/auth.js: {"insertSpaces":true,"tabSize":2}
gobarber/src/app/middlewares/auth.js: {"insertSpaces":true,"tabSize":2}
gobarber/src/app/middlewares/auth.js: {"insertSpaces":true,"tabSize":2}
gobarber/src/routes.js: {"insertSpaces":true,"tabSize":2}
gobarber/src/routes.js: Using EditorConfig core...
src/routes.js: editor.action.trimTrailingWhitespace
gobarber/src/routes.js: {"insertSpaces":true,"tabSize":2}
gobarber/src/routes.js: {"insertSpaces":true,"tabSize":2}
gobarber/src/routes.js: Using EditorConfig core...
src/routes.js: editor.action.trimTrailingWhitespace
gobarber/src/routes.js: {"insertSpaces":true,"tabSize":2}
gobarber/src/routes.js: {"insertSpaces":true,"tabSize":2}
gobarber/src/routes.js: {"insertSpaces":true,"tabSize":2}
gobarber/src/routes.js: {"insertSpaces":true,"tabSize":2}
gobarber/src/app/middlewares/auth.js: {"insertSpaces":true,"tabSize":2}
gobarber/src/app/middlewares/auth.js: {"insertSpaces":true,"tabSize":2}
gobarber/src/app/middlewares/auth.js: {"insertSpaces":true,"tabSize":2}
gobarber/src/app/middlewares/auth.js: {"insertSpaces":true,"tabSize":2}
gobarber/src/app/middlewares/auth.js: {"insertSpaces":true,"tabSize":2}
gobarber/src/app/middlewares/auth.js: {"insertSpaces":true,"tabSize":2}
gobarber/src/app/middlewares/auth.js: {"insertSpaces":true,"tabSize":2}
gobarber/src/app/middlewares/auth.js: {"insertSpaces":true,"tabSize":2}
gobarber/src/app/middlewares/auth.js: Using EditorConfig core...
src/app/middlewares/auth.js: editor.action.trimTrailingWhitespace
gobarber/src/app/middlewares/auth.js: {"insertSpaces":true,"tabSize":2}
gobarber/src/app/middlewares/auth.js: {"insertSpaces":true,"tabSize":2}
gobarber/src/routes.js: {"insertSpaces":true,"tabSize":2}
gobarber/src/routes.js: {"insertSpaces":true,"tabSize":2}
gobarber/src/routes.js: Using EditorConfig core...
src/routes.js: editor.action.trimTrailingWhitespace
gobarber/src/routes.js: Using EditorConfig core...
src/routes.js: editor.action.trimTrailingWhitespace
gobarber/src/routes.js: {"insertSpaces":true,"tabSize":2}
gobarber/src/routes.js: {"insertSpaces":true,"tabSize":2}
gobarber/src/routes.js: {"insertSpaces":true,"tabSize":2}
gobarber/src/routes.js: {"insertSpaces":true,"tabSize":2}
gobarber/src/routes.js: {"insertSpaces":true,"tabSize":2}
gobarber/src/routes.js: {"insertSpaces":true,"tabSize":2}
gobarber/src/routes.js: Using EditorConfig core...
src/routes.js: editor.action.trimTrailingWhitespace
gobarber/src/routes.js: {"insertSpaces":true,"tabSize":2}
gobarber/src/routes.js: {"insertSpaces":true,"tabSize":2}
gobarber/src/app/middlewares/auth.js: {"insertSpaces":true,"tabSize":2}
gobarber/src/app/middlewares/auth.js: Using EditorConfig core...
src/app/middlewares/auth.js: editor.action.trimTrailingWhitespace
gobarber/src/app/middlewares/auth.js: {"insertSpaces":true,"tabSize":2}
gobarber/src/app/middlewares/auth.js: Using EditorConfig core...
src/app/middlewares/auth.js: editor.action.trimTrailingWhitespace
gobarber/src/app/middlewares/auth.js: {"insertSpaces":true,"tabSize":2}
gobarber/src/app/middlewares/auth.js: Using EditorConfig core...
src/app/middlewares/auth.js: editor.action.trimTrailingWhitespace
gobarber/src/app/middlewares/auth.js: {"insertSpaces":true,"tabSize":2}
gobarber/src/app/middlewares/auth.js: Using EditorConfig core...
src/app/middlewares/auth.js: editor.action.trimTrailingWhitespace
gobarber/src/app/middlewares/auth.js: {"insertSpaces":true,"tabSize":2}
gobarber/src/routes.js: {"insertSpaces":true,"tabSize":2}
gobarber/src/app/models/User.js: {"insertSpaces":true,"tabSize":2}
gobarber/src/app/controllers/SessionController.js: {"insertSpaces":true,"tabSize":2}
gobarber/src/app/models/User.js: {"insertSpaces":true,"tabSize":2}
gobarber/src/app.js: {"insertSpaces":true,"tabSize":2}
gobarber/src/app/models/User.js: {"insertSpaces":true,"tabSize":2}
gobarber/src/app/controllers/UserController.js: {"insertSpaces":true,"tabSize":2}
gobarber/src/app/middlewares/auth.js: {"insertSpaces":true,"tabSize":2}
gobarber/src/app/middlewares/auth.js: {"insertSpaces":true,"tabSize":2}
gobarber/src/app/middlewares/auth.js: {"insertSpaces":true,"tabSize":2}
gobarber/src/app/controllers/UserController.js: {"insertSpaces":true,"tabSize":2}
gobarber/src/app/models/User.js: {"insertSpaces":true,"tabSize":2}
gobarber/src/app/middlewares/auth.js: {"insertSpaces":true,"tabSize":2}
gobarber/src/app/middlewares/auth.js: {"insertSpaces":true,"tabSize":2}
gobarber/src/routes.js: {"insertSpaces":true,"tabSize":2}
gobarber/src/routes.js: {"insertSpaces":true,"tabSize":2}
gobarber/src/routes.js: {"insertSpaces":true,"tabSize":2}
gobarber/src/routes.js: {"insertSpaces":true,"tabSize":2}
gobarber/src/routes.js: {"insertSpaces":true,"tabSize":2}
gobarber/src/routes.js: {"insertSpaces":true,"tabSize":2}
gobarber/src/app/controllers/UserController.js: {"insertSpaces":true,"tabSize":2}
gobarber/src/app/controllers/UserController.js: {"insertSpaces":true,"tabSize":2}
gobarber/src/app/controllers/UserController.js: {"insertSpaces":true,"tabSize":2}
gobarber/src/app/controllers/UserController.js: Using EditorConfig core...
src/app/controllers/UserController.js: editor.action.trimTrailingWhitespace
gobarber/src/app/controllers/UserController.js: {"insertSpaces":true,"tabSize":2}
gobarber/src/app/controllers/UserController.js: {"insertSpaces":true,"tabSize":2}
gobarber/src/app/controllers/UserController.js: {"insertSpaces":true,"tabSize":2}
gobarber/src/app/controllers/UserController.js: {"insertSpaces":true,"tabSize":2}
gobarber/src/app/controllers/UserController.js: Using EditorConfig core...
src/app/controllers/UserController.js: editor.action.trimTrailingWhitespace
gobarber/src/app.js: {"insertSpaces":true,"tabSize":2}
gobarber/src/app/controllers/UserController.js: {"insertSpaces":true,"tabSize":2}
gobarber/src/app/models/User.js: {"insertSpaces":true,"tabSize":2}
gobarber/src/app/controllers/UserController.js: {"insertSpaces":true,"tabSize":2}
gobarber/src/app/controllers/SessionController.js: {"insertSpaces":true,"tabSize":2}
gobarber/src/app/controllers/UserController.js: {"insertSpaces":true,"tabSize":2}
gobarber/src/app/middlewares/auth.js: {"insertSpaces":true,"tabSize":2}
gobarber/src/app/controllers/UserController.js: {"insertSpaces":true,"tabSize":2}
gobarber/src/app/controllers/UserController.js: {"insertSpaces":true,"tabSize":2}
gobarber/src/app/controllers/UserController.js: {"insertSpaces":true,"tabSize":2}
gobarber/src/app/controllers/UserController.js: {"insertSpaces":true,"tabSize":2}
gobarber/src/app/controllers/UserController.js: {"insertSpaces":true,"tabSize":2}
gobarber/src/app/controllers/UserController.js: {"insertSpaces":true,"tabSize":2}
gobarber/src/app/controllers/UserController.js: {"insertSpaces":true,"tabSize":2}
gobarber/src/app/controllers/UserController.js: {"insertSpaces":true,"tabSize":2}
gobarber/src/app/controllers/UserController.js: {"insertSpaces":true,"tabSize":2}
gobarber/src/app/controllers/UserController.js: Using EditorConfig core...
src/app/controllers/UserController.js: editor.action.trimTrailingWhitespace
gobarber/src/app/controllers/UserController.js: {"insertSpaces":true,"tabSize":2}
gobarber/src/app/controllers/UserController.js: Using EditorConfig core...
src/app/controllers/UserController.js: editor.action.trimTrailingWhitespace
gobarber/src/app/controllers/UserController.js: {"insertSpaces":true,"tabSize":2}
gobarber/src/app/controllers/UserController.js: {"insertSpaces":true,"tabSize":2}
gobarber/src/app/controllers/UserController.js: {"insertSpaces":true,"tabSize":2}
gobarber/src/app/controllers/UserController.js: {"insertSpaces":true,"tabSize":2}
gobarber/src/app/models/User.js: {"insertSpaces":true,"tabSize":2}
gobarber/src/app/controllers/UserController.js: {"insertSpaces":true,"tabSize":2}
gobarber/src/app/controllers/UserController.js: {"insertSpaces":true,"tabSize":2}
gobarber/src/app/controllers/UserController.js: {"insertSpaces":true,"tabSize":2}
gobarber/src/app/controllers/UserController.js: {"insertSpaces":true,"tabSize":2}
gobarber/src/app/controllers/UserController.js: {"insertSpaces":true,"tabSize":2}
gobarber/src/app/controllers/UserController.js: Using EditorConfig core...
src/app/controllers/UserController.js: editor.action.trimTrailingWhitespace
gobarber/src/app/controllers/UserController.js: {"insertSpaces":true,"tabSize":2}
gobarber/src/app/controllers/UserController.js: {"insertSpaces":true,"tabSize":2}
gobarber/src/app/controllers/UserController.js: {"insertSpaces":true,"tabSize":2}
gobarber/src/app/controllers/UserController.js: {"insertSpaces":true,"tabSize":2}
gobarber/src/app/models/User.js: {"insertSpaces":true,"tabSize":2}
gobarber/src/app/controllers/UserController.js: {"insertSpaces":true,"tabSize":2}
gobarber/src/app/controllers/UserController.js: {"insertSpaces":true,"tabSize":2}
gobarber/src/app/controllers/UserController.js: Using EditorConfig core...
src/app/controllers/UserController.js: editor.action.trimTrailingWhitespace
gobarber/src/app/controllers/UserController.js: Using EditorConfig core...
src/app/controllers/UserController.js: editor.action.trimTrailingWhitespace
gobarber/src/app/controllers/UserController.js: {"insertSpaces":true,"tabSize":2}
gobarber/src/config/auth.js: {"insertSpaces":true,"tabSize":2}
gobarber/src/routes.js: {"insertSpaces":true,"tabSize":2}
gobarber/src/app/middlewares/auth.js: {"insertSpaces":true,"tabSize":2}
gobarber/src/app/middlewares/auth.js: {"insertSpaces":true,"tabSize":2}
gobarber/src/app/middlewares/auth.js: {"insertSpaces":true,"tabSize":2}
gobarber/src/app/middlewares/auth.js: {"insertSpaces":true,"tabSize":2}
gobarber/src/app/middlewares/auth.js: {"insertSpaces":true,"tabSize":2}
gobarber/src/app/middlewares/auth.js: {"insertSpaces":true,"tabSize":2}
gobarber/src/app/middlewares/auth.js: {"insertSpaces":true,"tabSize":2}
gobarber/src/app/middlewares/auth.js: {"insertSpaces":true,"tabSize":2}
