Initializing document watcher...
gobarber/src/app/controllers/UserController.js: {"insertSpaces":true,"tabSize":2}
gobarber/src/app/controllers/UserController.js: {"insertSpaces":true,"tabSize":2}
gobarber/src/app/controllers/UserController.js: {"insertSpaces":true,"tabSize":2}
gobarber/src/app/controllers/UserController.js: {"insertSpaces":true,"tabSize":2}
gobarber/src/app/controllers/UserController.js: {"insertSpaces":true,"tabSize":2}
gobarber/src/app/controllers/UserController.js: {"insertSpaces":true,"tabSize":2}
gobarber/src/app/controllers/UserController.js: Using EditorConfig core...
src/app/controllers/UserController.js: editor.action.trimTrailingWhitespace
gobarber/src/app/controllers/UserController.js: Using EditorConfig core...
src/app/controllers/UserController.js: editor.action.trimTrailingWhitespace
gobarber/src/app/controllers/UserController.js: {"insertSpaces":true,"tabSize":2}
gobarber/src/app/controllers/UserController.js: {"insertSpaces":true,"tabSize":2}
gobarber/src/app/controllers/UserController.js: Using EditorConfig core...
src/app/controllers/UserController.js: editor.action.trimTrailingWhitespace
gobarber/src/app/controllers/UserController.js: {"insertSpaces":true,"tabSize":2}
gobarber/src/app/controllers/UserController.js: {"insertSpaces":true,"tabSize":2}
gobarber/src/app/controllers/UserController.js: {"insertSpaces":true,"tabSize":2}
gobarber/src/app/controllers/UserController.js: {"insertSpaces":true,"tabSize":2}
gobarber/src/app/controllers/UserController.js: {"insertSpaces":true,"tabSize":2}
gobarber/src/app/controllers/UserController.js: {"insertSpaces":true,"tabSize":2}
gobarber/src/app/controllers/UserController.js: {"insertSpaces":true,"tabSize":2}
gobarber/src/app/controllers/UserController.js: {"insertSpaces":true,"tabSize":2}
gobarber/src/app/controllers/UserController.js: Using EditorConfig core...
src/app/controllers/UserController.js: editor.action.trimTrailingWhitespace
gobarber/src/app/controllers/UserController.js: Using EditorConfig core...
src/app/controllers/UserController.js: editor.action.trimTrailingWhitespace
gobarber/src/app/controllers/UserController.js: {"insertSpaces":true,"tabSize":2}
gobarber/src/app/controllers/UserController.js: {"insertSpaces":true,"tabSize":2}
gobarber/src/app/controllers/UserController.js: Using EditorConfig core...
src/app/controllers/UserController.js: editor.action.trimTrailingWhitespace
gobarber/src/app/controllers/UserController.js: Using EditorConfig core...
src/app/controllers/UserController.js: editor.action.trimTrailingWhitespace
gobarber/src/app/controllers/UserController.js: {"insertSpaces":true,"tabSize":2}
gobarber/src/app/controllers/UserController.js: {"insertSpaces":true,"tabSize":2}
gobarber/src/app/controllers/UserController.js: {"insertSpaces":true,"tabSize":2}
gobarber/src/app/controllers/UserController.js: {"insertSpaces":true,"tabSize":2}
gobarber/src/app/controllers/UserController.js: Using EditorConfig core...
src/app/controllers/UserController.js: editor.action.trimTrailingWhitespace
gobarber/src/app/controllers/UserController.js: {"insertSpaces":true,"tabSize":2}
gobarber/src/app/controllers/UserController.js: {"insertSpaces":true,"tabSize":2}
gobarber/src/app/controllers/UserController.js: Using EditorConfig core...
src/app/controllers/UserController.js: editor.action.trimTrailingWhitespace
gobarber/src/app/controllers/UserController.js: {"insertSpaces":true,"tabSize":2}
gobarber/src/app/controllers/UserController.js: Using EditorConfig core...
src/app/controllers/UserController.js: editor.action.trimTrailingWhitespace
gobarber/src/app/controllers/UserController.js: {"insertSpaces":true,"tabSize":2}
gobarber/src/app/controllers/UserController.js: {"insertSpaces":true,"tabSize":2}
gobarber/src/app/controllers/UserController.js: {"insertSpaces":true,"tabSize":2}
gobarber/src/app/controllers/UserController.js: Using EditorConfig core...
src/app/controllers/UserController.js: editor.action.trimTrailingWhitespace
gobarber/src/app/controllers/UserController.js: {"insertSpaces":true,"tabSize":2}
gobarber/src/app/controllers/UserController.js: {"insertSpaces":true,"tabSize":2}
gobarber/src/app/controllers/UserController.js: {"insertSpaces":true,"tabSize":2}
gobarber/src/app/controllers/UserController.js: {"insertSpaces":true,"tabSize":2}
gobarber/src/app/controllers/UserController.js: {"insertSpaces":true,"tabSize":2}
gobarber/src/app/controllers/UserController.js: {"insertSpaces":true,"tabSize":2}
gobarber/src/app/controllers/UserController.js: Using EditorConfig core...
src/app/controllers/UserController.js: editor.action.trimTrailingWhitespace
gobarber/src/app/controllers/UserController.js: {"insertSpaces":true,"tabSize":2}
gobarber/src/app/controllers/UserController.js: {"insertSpaces":true,"tabSize":2}
gobarber/src/app/controllers/UserController.js: {"insertSpaces":true,"tabSize":2}
gobarber/src/app/controllers/UserController.js: {"insertSpaces":true,"tabSize":2}
gobarber/src/app/controllers/UserController.js: {"insertSpaces":true,"tabSize":2}
gobarber/src/app/controllers/UserController.js: {"insertSpaces":true,"tabSize":2}
gobarber/src/app/controllers/UserController.js: Using EditorConfig core...
src/app/controllers/UserController.js: editor.action.trimTrailingWhitespace
gobarber/src/app/controllers/UserController.js: Using EditorConfig core...
src/app/controllers/UserController.js: editor.action.trimTrailingWhitespace
gobarber/src/app/controllers/UserController.js: {"insertSpaces":true,"tabSize":2}
gobarber/src/app/controllers/UserController.js: {"insertSpaces":true,"tabSize":2}
gobarber/src/app/controllers/UserController.js: {"insertSpaces":true,"tabSize":2}
gobarber/src/app/controllers/UserController.js: {"insertSpaces":true,"tabSize":2}
gobarber/src/app/controllers/UserController.js: {"insertSpaces":true,"tabSize":2}
gobarber/src/app/controllers/UserController.js: {"insertSpaces":true,"tabSize":2}
gobarber/src/app/controllers/UserController.js: {"insertSpaces":true,"tabSize":2}
gobarber/src/app/controllers/UserController.js: {"insertSpaces":true,"tabSize":2}
gobarber/src/app/controllers/UserController.js: {"insertSpaces":true,"tabSize":2}
gobarber/src/app/controllers/UserController.js: {"insertSpaces":true,"tabSize":2}
gobarber/src/app/controllers/UserController.js: {"insertSpaces":true,"tabSize":2}
gobarber/src/app/controllers/UserController.js: {"insertSpaces":true,"tabSize":2}
gobarber/src/app/controllers/UserController.js: {"insertSpaces":true,"tabSize":2}
gobarber/src/app/controllers/UserController.js: Using EditorConfig core...
src/app/controllers/UserController.js: editor.action.trimTrailingWhitespace
gobarber/src/app/controllers/UserController.js: {"insertSpaces":true,"tabSize":2}
gobarber/src/app/controllers/UserController.js: {"insertSpaces":true,"tabSize":2}
gobarber/src/app/controllers/UserController.js: {"insertSpaces":true,"tabSize":2}
gobarber/src/app/controllers/UserController.js: Using EditorConfig core...
src/app/controllers/UserController.js: editor.action.trimTrailingWhitespace
gobarber/src/app/controllers/UserController.js: {"insertSpaces":true,"tabSize":2}
gobarber/src/app/controllers/UserController.js: {"insertSpaces":true,"tabSize":2}
gobarber/src/app/controllers/UserController.js: Using EditorConfig core...
src/app/controllers/UserController.js: editor.action.trimTrailingWhitespace
gobarber/src/app/controllers/UserController.js: {"insertSpaces":true,"tabSize":2}
gobarber/src/app/controllers/UserController.js: {"insertSpaces":true,"tabSize":2}
gobarber/src/app/controllers/UserController.js: {"insertSpaces":true,"tabSize":2}
gobarber/src/app/controllers/UserController.js: {"insertSpaces":true,"tabSize":2}
gobarber/src/app/controllers/UserController.js: {"insertSpaces":true,"tabSize":2}
gobarber/src/app/controllers/UserController.js: {"insertSpaces":true,"tabSize":2}
gobarber/src/app/controllers/UserController.js: {"insertSpaces":true,"tabSize":2}
gobarber/src/app/controllers/UserController.js: {"insertSpaces":true,"tabSize":2}
gobarber/src/app/controllers/UserController.js: Using EditorConfig core...
src/app/controllers/UserController.js: editor.action.trimTrailingWhitespace
gobarber/src/app/controllers/UserController.js: {"insertSpaces":true,"tabSize":2}
gobarber/src/app/controllers/SessionController.js: {"insertSpaces":true,"tabSize":2}
gobarber/src/app/controllers/SessionController.js: Using EditorConfig core...
src/app/controllers/SessionController.js: editor.action.trimTrailingWhitespace
gobarber/src/app/controllers/UserController.js: {"insertSpaces":true,"tabSize":2}
gobarber/src/app/controllers/SessionController.js: {"insertSpaces":true,"tabSize":2}
gobarber/src/app/controllers/SessionController.js: Using EditorConfig core...
src/app/controllers/SessionController.js: editor.action.trimTrailingWhitespace
gobarber/src/app/controllers/SessionController.js: {"insertSpaces":true,"tabSize":2}
gobarber/src/app/controllers/SessionController.js: Using EditorConfig core...
src/app/controllers/SessionController.js: editor.action.trimTrailingWhitespace
gobarber/src/app/controllers/SessionController.js: {"insertSpaces":true,"tabSize":2}
gobarber/src/app/controllers/SessionController.js: {"insertSpaces":true,"tabSize":2}
